<?xml version="1.0" encoding="UTF-8"?>
<testsuite name="test.BankLoginTest" tests="3" skipped="0" failures="0" errors="0" timestamp="2023-08-28T12:57:22" hostname="NHEGM-LT" time="7.914">
  <properties/>
  <testcase name="shouldSuccessfullyLogin()" classname="test.BankLoginTest" time="4.621"/>
  <testcase name="shouldThrowErrorNotificationWhenTryToLoginNonExistUser()" classname="test.BankLoginTest" time="1.595"/>
  <testcase name="shouldNotLoginWhenVerificationCodeIsWrong()" classname="test.BankLoginTest" time="1.696"/>
  <system-out><![CDATA[]]></system-out>
  <system-err><![CDATA[SLF4J: No SLF4J providers were found.
SLF4J: Defaulting to no-operation (NOP) logger implementation
SLF4J: See https://www.slf4j.org/codes.html#noProviders for further details.
авг. 28, 2023 8:57:24 PM org.openqa.selenium.devtools.CdpVersionFinder findNearestMatch
WARNING: Unable to find an exact match for CDP version 116, so returning the closest version found: 115
авг. 28, 2023 8:57:26 PM org.openqa.selenium.devtools.Connection$Listener lambda$onText$0
WARNING: Unable to process: {"method":"Fetch.requestPaused","params":{"requestId":"interception-job-16.0","request":{"url":"http://localhost:9999/","method":"GET","headers":{"Accept":"text/html,application/xhtml+xml,application/xml;q=0.9,image/avif,image/webp,image/apng,*/*;q=0.8,application/signed-exchange;v=b3;q=0.7","Upgrade-Insecure-Requests":"1","User-Agent":"Mozilla/5.0 (Windows NT 10.0; Win64; x64) AppleWebKit/537.36 (KHTML, like Gecko) Chrome/116.0.0.0 Safari/537.36","sec-ch-ua":"\"Chromium\";v=\"116\", \"Not)A;Brand\";v=\"24\", \"Google Chrome\";v=\"116\"","sec-ch-ua-mobile":"?0","sec-ch-ua-platform":"\"Windows\""},"initialPriority":"VeryHigh","referrerPolicy":"strict-origin-when-cross-origin"},"frameId":"0274471DB1952DFBB319D95742CE462D","resourceType":"Document","responseStatusCode":200,"responseStatusText":"OK","responseHeaders":[{"name":"Content-Length","value":"2302"},{"name":"Content-Type","value":"text/html; charset=UTF-8"},{"name":"Connection","value":"keep-alive"}]},"sessionId":"64F92E651DD6905F40001BFD7E9F7C2B"}
org.openqa.selenium.devtools.DevToolsException: {"id":58,"error":{"code":-32602,"message":"Invalid InterceptionId."},"sessionId":"64F92E651DD6905F40001BFD7E9F7C2B"}
Build info: version: '4.11.0', revision: '040bc5406b'
System info: os.name: 'Windows 10', os.arch: 'amd64', os.version: '10.0', java.version: '11.0.19'
Driver info: driver.version: unknown
	at org.openqa.selenium.devtools.Connection.sendAndWait(Connection.java:181)
	at org.openqa.selenium.devtools.DevTools.send(DevTools.java:81)
	at org.openqa.selenium.devtools.idealized.Network.lambda$prepareToInterceptTraffic$4(Network.java:194)
	at org.openqa.selenium.devtools.Connection.lambda$handle$4(Connection.java:321)
	at java.base/java.util.stream.ForEachOps$ForEachOp$OfRef.accept(ForEachOps.java:183)
	at java.base/java.util.stream.ReferencePipeline$2$1.accept(ReferencePipeline.java:177)
	at java.base/java.util.stream.ReferencePipeline$11$1.accept(ReferencePipeline.java:442)
	at java.base/java.util.HashMap$KeySpliterator.forEachRemaining(HashMap.java:1621)
	at java.base/java.util.stream.AbstractPipeline.copyInto(AbstractPipeline.java:484)
	at java.base/java.util.stream.AbstractPipeline.wrapAndCopyInto(AbstractPipeline.java:474)
	at java.base/java.util.stream.ForEachOps$ForEachOp.evaluateSequential(ForEachOps.java:150)
	at java.base/java.util.stream.ForEachOps$ForEachOp$OfRef.evaluateSequential(ForEachOps.java:173)
	at java.base/java.util.stream.AbstractPipeline.evaluate(AbstractPipeline.java:234)
	at java.base/java.util.stream.ReferencePipeline.forEach(ReferencePipeline.java:497)
	at org.openqa.selenium.devtools.Connection.handle(Connection.java:287)
	at org.openqa.selenium.devtools.Connection.access$200(Connection.java:57)
	at org.openqa.selenium.devtools.Connection$Listener.lambda$onText$0(Connection.java:224)
	at java.base/java.util.concurrent.ThreadPoolExecutor.runWorker(ThreadPoolExecutor.java:1128)
	at java.base/java.util.concurrent.ThreadPoolExecutor$Worker.run(ThreadPoolExecutor.java:628)
	at java.base/java.lang.Thread.run(Thread.java:829)
Caused by: org.openqa.selenium.WebDriverException: {"id":58,"error":{"code":-32602,"message":"Invalid InterceptionId."},"sessionId":"64F92E651DD6905F40001BFD7E9F7C2B"}
Build info: version: '4.11.0', revision: '040bc5406b'
System info: os.name: 'Windows 10', os.arch: 'amd64', os.version: '10.0', java.version: '11.0.19'
Driver info: driver.version: unknown
	at org.openqa.selenium.devtools.Connection.handle(Connection.java:260)
	... 5 more

Exception in thread "CDP Connection" org.openqa.selenium.devtools.DevToolsException: {"id":58,"error":{"code":-32602,"message":"Invalid InterceptionId."},"sessionId":"64F92E651DD6905F40001BFD7E9F7C2B"}
Build info: version: '4.11.0', revision: '040bc5406b'
авг. 28, 2023 8:57:26 PM org.openqa.selenium.devtools.Connection$Listener lambda$onText$0
WARNING: Unable to process: {"method":"Fetch.requestPaused","params":{"requestId":"interception-job-16.0","request":{"url":"http://localhost:9999/","method":"GET","headers":{"Accept":"text/html,application/xhtml+xml,application/xml;q=0.9,image/avif,image/webp,image/apng,*/*;q=0.8,application/signed-exchange;v=b3;q=0.7","Upgrade-Insecure-Requests":"1","User-Agent":"Mozilla/5.0 (Windows NT 10.0; Win64; x64) AppleWebKit/537.36 (KHTML, like Gecko) Chrome/116.0.0.0 Safari/537.36","sec-ch-ua":"\"Chromium\";v=\"116\", \"Not)A;Brand\";v=\"24\", \"Google Chrome\";v=\"116\"","sec-ch-ua-mobile":"?0","sec-ch-ua-platform":"\"Windows\""},"initialPriority":"VeryHigh","referrerPolicy":"strict-origin-when-cross-origin"},"frameId":"0274471DB1952DFBB319D95742CE462D","resourceType":"Document"},"sessionId":"64F92E651DD6905F40001BFD7E9F7C2B"}
org.openqa.selenium.devtools.DevToolsException: {"id":59,"error":{"code":-32602,"message":"Invalid InterceptionId."},"sessionId":"64F92E651DD6905F40001BFD7E9F7C2B"}
Build info: version: '4.11.0', revision: '040bc5406b'
System info: os.name: 'Windows 10', os.arch: 'amd64', os.version: '10.0', java.version: '11.0.19'
Driver info: driver.version: unknown
	at org.openqa.selenium.devtools.Connection.sendAndWait(Connection.java:181)
	at org.openqa.selenium.devtools.DevTools.send(DevTools.java:81)
	at org.openqa.selenium.devtools.idealized.Network.lambda$prepareToInterceptTraffic$3(Network.java:211)
	at org.openqa.selenium.remote.http.Filter.lambda$andFinally$1(Filter.java:55)
	at org.openqa.selenium.devtools.idealized.Network.lambda$prepareToInterceptTraffic$4(Network.java:226)
	at org.openqa.selenium.devtools.Connection.lambda$handle$4(Connection.java:321)
	at java.base/java.util.stream.ForEachOps$ForEachOp$OfRef.accept(ForEachOps.java:183)
	at java.base/java.util.stream.ReferencePipeline$2$1.accept(ReferencePipeline.java:177)
	at java.base/java.util.stream.ReferencePipeline$11$1.accept(ReferencePipeline.java:442)
	at java.base/java.util.HashMap$KeySpliterator.forEachRemaining(HashMap.java:1621)
	at java.base/java.util.stream.AbstractPipeline.copyInto(AbstractPipeline.java:484)
	at java.base/java.util.stream.AbstractPipeline.wrapAndCopyInto(AbstractPipeline.java:474)
	at java.base/java.util.stream.ForEachOps$ForEachOp.evaluateSequential(ForEachOps.java:150)
	at java.base/java.util.stream.ForEachOps$ForEachOp$OfRef.evaluateSequential(ForEachOps.java:173)
	at java.base/java.util.stream.AbstractPipeline.evaluate(AbstractPipeline.java:234)
	at java.base/java.util.stream.ReferencePipeline.forEach(ReferencePipeline.java:497)
	at org.openqa.selenium.devtools.Connection.handle(Connection.java:287)
	at org.openqa.selenium.devtools.Connection.access$200(Connection.java:57)
	at org.openqa.selenium.devtools.Connection$Listener.lambda$onText$0(Connection.java:224)
	at java.base/java.util.concurrent.ThreadPoolExecutor.runWorker(ThreadPoolExecutor.java:1128)
	at java.base/java.util.concurrent.ThreadPoolExecutor$Worker.run(ThreadPoolExecutor.java:628)
	at java.base/java.lang.Thread.run(Thread.java:829)
Caused by: org.openqa.selenium.WebDriverException: {"id":59,"error":{"code":-32602,"message":"Invalid InterceptionId."},"sessionId":"64F92E651DD6905F40001BFD7E9F7C2B"}
Build info: version: '4.11.0', revision: '040bc5406b'
System info: os.name: 'Windows 10', os.arch: 'amd64', os.version: '10.0', java.version: '11.0.19'
Driver info: driver.version: unknown
System info: os.name: 'Windows 10', os.arch: 'amd64', os.version: '10.0', java.version: '11.0.19'
Driver info: driver.version: unknown
	at org.openqa.selenium.devtools.Connection.handle(Connection.java:260)
	... 5 more
	at org.openqa.selenium.devtools.Connection$Listener.lambda$onText$0(Connection.java:227)

	at java.base/java.util.concurrent.ThreadPoolExecutor.runWorker(ThreadPoolExecutor.java:1128)
	at java.base/java.util.concurrent.ThreadPoolExecutor$Worker.run(ThreadPoolExecutor.java:628)
	at java.base/java.lang.Thread.run(Thread.java:829)
Caused by: org.openqa.selenium.devtools.DevToolsException: {"id":58,"error":{"code":-32602,"message":"Invalid InterceptionId."},"sessionId":"64F92E651DD6905F40001BFD7E9F7C2B"}
Build info: version: '4.11.0', revision: '040bc5406b'
System info: os.name: 'Windows 10', os.arch: 'amd64', os.version: '10.0', java.version: '11.0.19'
Driver info: driver.version: unknown
	at org.openqa.selenium.devtools.Connection.sendAndWait(Connection.java:181)
	at org.openqa.selenium.devtools.DevTools.send(DevTools.java:81)
	at org.openqa.selenium.devtools.idealized.Network.lambda$prepareToInterceptTraffic$4(Network.java:194)
	at org.openqa.selenium.devtools.Connection.lambda$handle$4(Connection.java:321)
	at java.base/java.util.stream.ForEachOps$ForEachOp$OfRef.accept(ForEachOps.java:183)
	at java.base/java.util.stream.ReferencePipeline$2$1.accept(ReferencePipeline.java:177)
	at java.base/java.util.stream.ReferencePipeline$11$1.accept(ReferencePipeline.java:442)
	at java.base/java.util.HashMap$KeySpliterator.forEachRemaining(HashMap.java:1621)
	at java.base/java.util.stream.AbstractPipeline.copyInto(AbstractPipeline.java:484)
	at java.base/java.util.stream.AbstractPipeline.wrapAndCopyInto(AbstractPipeline.java:474)
	at java.base/java.util.stream.ForEachOps$ForEachOp.evaluateSequential(ForEachOps.java:150)
	at java.base/java.util.stream.ForEachOps$ForEachOp$OfRef.evaluateSequential(ForEachOps.java:173)
	at java.base/java.util.stream.AbstractPipeline.evaluate(AbstractPipeline.java:234)
	at java.base/java.util.stream.ReferencePipeline.forEach(ReferencePipeline.java:497)
	at org.openqa.selenium.devtools.Connection.handle(Connection.java:287)
	at org.openqa.selenium.devtools.Connection.access$200(Connection.java:57)
	at org.openqa.selenium.devtools.Connection$Listener.lambda$onText$0(Connection.java:224)
	... 3 more
Caused by: org.openqa.selenium.WebDriverException: {"id":58,"error":{"code":-32602,"message":"Invalid InterceptionId."},"sessionId":"64F92E651DD6905F40001BFD7E9F7C2B"}
Build info: version: '4.11.0', revision: '040bc5406b'
System info: os.name: 'Windows 10', os.arch: 'amd64', os.version: '10.0', java.version: '11.0.19'
Driver info: driver.version: unknown
	at org.openqa.selenium.devtools.Connection.handle(Connection.java:260)
	... 5 more
Exception in thread "CDP Connection" org.openqa.selenium.devtools.DevToolsException: {"id":59,"error":{"code":-32602,"message":"Invalid InterceptionId."},"sessionId":"64F92E651DD6905F40001BFD7E9F7C2B"}
Build info: version: '4.11.0', revision: '040bc5406b'
System info: os.name: 'Windows 10', os.arch: 'amd64', os.version: '10.0', java.version: '11.0.19'
Driver info: driver.version: unknown
	at org.openqa.selenium.devtools.Connection$Listener.lambda$onText$0(Connection.java:227)
	at java.base/java.util.concurrent.ThreadPoolExecutor.runWorker(ThreadPoolExecutor.java:1128)
	at java.base/java.util.concurrent.ThreadPoolExecutor$Worker.run(ThreadPoolExecutor.java:628)
	at java.base/java.lang.Thread.run(Thread.java:829)
Caused by: org.openqa.selenium.devtools.DevToolsException: {"id":59,"error":{"code":-32602,"message":"Invalid InterceptionId."},"sessionId":"64F92E651DD6905F40001BFD7E9F7C2B"}
Build info: version: '4.11.0', revision: '040bc5406b'
System info: os.name: 'Windows 10', os.arch: 'amd64', os.version: '10.0', java.version: '11.0.19'
Driver info: driver.version: unknown
	at org.openqa.selenium.devtools.Connection.sendAndWait(Connection.java:181)
	at org.openqa.selenium.devtools.DevTools.send(DevTools.java:81)
	at org.openqa.selenium.devtools.idealized.Network.lambda$prepareToInterceptTraffic$3(Network.java:211)
	at org.openqa.selenium.remote.http.Filter.lambda$andFinally$1(Filter.java:55)
	at org.openqa.selenium.devtools.idealized.Network.lambda$prepareToInterceptTraffic$4(Network.java:226)
	at org.openqa.selenium.devtools.Connection.lambda$handle$4(Connection.java:321)
	at java.base/java.util.stream.ForEachOps$ForEachOp$OfRef.accept(ForEachOps.java:183)
	at java.base/java.util.stream.ReferencePipeline$2$1.accept(ReferencePipeline.java:177)
	at java.base/java.util.stream.ReferencePipeline$11$1.accept(ReferencePipeline.java:442)
	at java.base/java.util.HashMap$KeySpliterator.forEachRemaining(HashMap.java:1621)
	at java.base/java.util.stream.AbstractPipeline.copyInto(AbstractPipeline.java:484)
	at java.base/java.util.stream.AbstractPipeline.wrapAndCopyInto(AbstractPipeline.java:474)
	at java.base/java.util.stream.ForEachOps$ForEachOp.evaluateSequential(ForEachOps.java:150)
	at java.base/java.util.stream.ForEachOps$ForEachOp$OfRef.evaluateSequential(ForEachOps.java:173)
	at java.base/java.util.stream.AbstractPipeline.evaluate(AbstractPipeline.java:234)
	at java.base/java.util.stream.ReferencePipeline.forEach(ReferencePipeline.java:497)
	at org.openqa.selenium.devtools.Connection.handle(Connection.java:287)
	at org.openqa.selenium.devtools.Connection.access$200(Connection.java:57)
	at org.openqa.selenium.devtools.Connection$Listener.lambda$onText$0(Connection.java:224)
	... 3 more
Caused by: org.openqa.selenium.WebDriverException: {"id":59,"error":{"code":-32602,"message":"Invalid InterceptionId."},"sessionId":"64F92E651DD6905F40001BFD7E9F7C2B"}
Build info: version: '4.11.0', revision: '040bc5406b'
System info: os.name: 'Windows 10', os.arch: 'amd64', os.version: '10.0', java.version: '11.0.19'
Driver info: driver.version: unknown
	at org.openqa.selenium.devtools.Connection.handle(Connection.java:260)
	... 5 more
авг. 28, 2023 8:57:26 PM org.openqa.selenium.devtools.Connection$Listener lambda$onText$0
WARNING: Unable to process: {"method":"Fetch.requestPaused","params":{"requestId":"interception-job-20.0","request":{"url":"http://localhost:9999/static/js/main.324da39a.chunk.js","method":"GET","headers":{"Accept":"*/*","Referer":"http://localhost:9999/","User-Agent":"Mozilla/5.0 (Windows NT 10.0; Win64; x64) AppleWebKit/537.36 (KHTML, like Gecko) Chrome/116.0.0.0 Safari/537.36","sec-ch-ua":"\"Chromium\";v=\"116\", \"Not)A;Brand\";v=\"24\", \"Google Chrome\";v=\"116\"","sec-ch-ua-mobile":"?0","sec-ch-ua-platform":"\"Windows\""},"initialPriority":"High","referrerPolicy":"unsafe-url"},"frameId":"0274471DB1952DFBB319D95742CE462D","resourceType":"Script","responseStatusCode":200,"responseStatusText":"OK","responseHeaders":[{"name":"Content-Length","value":"11299"},{"name":"Content-Type","value":"application/javascript"},{"name":"Connection","value":"keep-alive"}]},"sessionId":"64F92E651DD6905F40001BFD7E9F7C2B"}
org.openqa.selenium.devtools.DevToolsException: {"id":71,"error":{"code":-32602,"message":"Invalid InterceptionId."},"sessionId":"64F92E651DD6905F40001BFD7E9F7C2B"}
Build info: version: '4.11.0', revision: '040bc5406b'
System info: os.name: 'Windows 10', os.arch: 'amd64', os.version: '10.0', java.version: '11.0.19'
Driver info: driver.version: unknown
	at org.openqa.selenium.devtools.Connection.sendAndWait(Connection.java:181)
	at org.openqa.selenium.devtools.DevTools.send(DevTools.java:81)
	at org.openqa.selenium.devtools.idealized.Network.lambda$prepareToInterceptTraffic$4(Network.java:194)
	at org.openqa.selenium.devtools.Connection.lambda$handle$4(Connection.java:321)
	at java.base/java.util.stream.ForEachOps$ForEachOp$OfRef.accept(ForEachOps.java:183)
	at java.base/java.util.stream.ReferencePipeline$2$1.accept(ReferencePipeline.java:177)
	at java.base/java.util.stream.ReferencePipeline$11$1.accept(ReferencePipeline.java:442)
	at java.base/java.util.HashMap$KeySpliterator.forEachRemaining(HashMap.java:1621)
	at java.base/java.util.stream.AbstractPipeline.copyInto(AbstractPipeline.java:484)
	at java.base/java.util.stream.AbstractPipeline.wrapAndCopyInto(AbstractPipeline.java:474)
	at java.base/java.util.stream.ForEachOps$ForEachOp.evaluateSequential(ForEachOps.java:150)
	at java.base/java.util.stream.ForEachOps$ForEachOp$OfRef.evaluateSequential(ForEachOps.java:173)
	at java.base/java.util.stream.AbstractPipeline.evaluate(AbstractPipeline.java:234)
	at java.base/java.util.stream.ReferencePipeline.forEach(ReferencePipeline.java:497)
	at org.openqa.selenium.devtools.Connection.handle(Connection.java:287)
	at org.openqa.selenium.devtools.Connection.access$200(Connection.java:57)
	at org.openqa.selenium.devtools.Connection$Listener.lambda$onText$0(Connection.java:224)
	at java.base/java.util.concurrent.ThreadPoolExecutor.runWorker(ThreadPoolExecutor.java:1128)
	at java.base/java.util.concurrent.ThreadPoolExecutor$Worker.run(ThreadPoolExecutor.java:628)
	at java.base/java.lang.Thread.run(Thread.java:829)
Caused by: org.openqa.selenium.WebDriverException: {"id":71,"error":{"code":-32602,"message":"Invalid InterceptionId."},"sessionId":"64F92E651DD6905F40001BFD7E9F7C2B"}
Build info: version: '4.11.0', revision: '040bc5406b'
System info: os.name: 'Windows 10', os.arch: 'amd64', os.version: '10.0', java.version: '11.0.19'
Driver info: driver.version: unknown
	at org.openqa.selenium.devtools.Connection.handle(Connection.java:260)
	... 5 more

Exception in thread "CDP Connection" org.openqa.selenium.devtools.DevToolsException: {"id":71,"error":{"code":-32602,"message":"Invalid InterceptionId."},"sessionId":"64F92E651DD6905F40001BFD7E9F7C2B"}
Build info: version: '4.11.0', revision: '040bc5406b'
System info: os.name: 'Windows 10', os.arch: 'amd64', os.version: '10.0', java.version: '11.0.19'
Driver info: driver.version: unknown
	at org.openqa.selenium.devtools.Connection$Listener.lambda$onText$0(Connection.java:227)
	at java.base/java.util.concurrent.ThreadPoolExecutor.runWorker(ThreadPoolExecutor.java:1128)
	at java.base/java.util.concurrent.ThreadPoolExecutor$Worker.run(ThreadPoolExecutor.java:628)
	at java.base/java.lang.Thread.run(Thread.java:829)
Caused by: org.openqa.selenium.devtools.DevToolsException: {"id":71,"error":{"code":-32602,"message":"Invalid InterceptionId."},"sessionId":"64F92E651DD6905F40001BFD7E9F7C2B"}
Build info: version: '4.11.0', revision: '040bc5406b'
System info: os.name: 'Windows 10', os.arch: 'amd64', os.version: '10.0', java.version: '11.0.19'
Driver info: driver.version: unknown
	at org.openqa.selenium.devtools.Connection.sendAndWait(Connection.java:181)
	at org.openqa.selenium.devtools.DevTools.send(DevTools.java:81)
	at org.openqa.selenium.devtools.idealized.Network.lambda$prepareToInterceptTraffic$4(Network.java:194)
	at org.openqa.selenium.devtools.Connection.lambda$handle$4(Connection.java:321)
	at java.base/java.util.stream.ForEachOps$ForEachOp$OfRef.accept(ForEachOps.java:183)
	at java.base/java.util.stream.ReferencePipeline$2$1.accept(ReferencePipeline.java:177)
	at java.base/java.util.stream.ReferencePipeline$11$1.accept(ReferencePipeline.java:442)
	at java.base/java.util.HashMap$KeySpliterator.forEachRemaining(HashMap.java:1621)
	at java.base/java.util.stream.AbstractPipeline.copyInto(AbstractPipeline.java:484)
	at java.base/java.util.stream.AbstractPipeline.wrapAndCopyInto(AbstractPipeline.java:474)
	at java.base/java.util.stream.ForEachOps$ForEachOp.evaluateSequential(ForEachOps.java:150)
	at java.base/java.util.stream.ForEachOps$ForEachOp$OfRef.evaluateSequential(ForEachOps.java:173)
	at java.base/java.util.stream.AbstractPipeline.evaluate(AbstractPipeline.java:234)
	at java.base/java.util.stream.ReferencePipeline.forEach(ReferencePipeline.java:497)
	at org.openqa.selenium.devtools.Connection.handle(Connection.java:287)
	at org.openqa.selenium.devtools.Connection.access$200(Connection.java:57)
	at org.openqa.selenium.devtools.Connection$Listener.lambda$onText$0(Connection.java:224)
	... 3 more
Caused by: org.openqa.selenium.WebDriverException: {"id":71,"error":{"code":-32602,"message":"Invalid InterceptionId."},"sessionId":"64F92E651DD6905F40001BFD7E9F7C2B"}
Build info: version: '4.11.0', revision: '040bc5406b'
System info: os.name: 'Windows 10', os.arch: 'amd64', os.version: '10.0', java.version: '11.0.19'
Driver info: driver.version: unknown
	at org.openqa.selenium.devtools.Connection.handle(Connection.java:260)
	... 5 more
авг. 28, 2023 8:57:26 PM org.openqa.selenium.devtools.Connection$Listener lambda$onText$0
WARNING: Unable to process: {"method":"Fetch.requestPaused","params":{"requestId":"interception-job-17.0","request":{"url":"http://localhost:9999/static/css/2.a4391e49.chunk.css","method":"GET","headers":{"Accept":"text/css,*/*;q=0.1","Referer":"http://localhost:9999/","User-Agent":"Mozilla/5.0 (Windows NT 10.0; Win64; x64) AppleWebKit/537.36 (KHTML, like Gecko) Chrome/116.0.0.0 Safari/537.36","sec-ch-ua":"\"Chromium\";v=\"116\", \"Not)A;Brand\";v=\"24\", \"Google Chrome\";v=\"116\"","sec-ch-ua-mobile":"?0","sec-ch-ua-platform":"\"Windows\""},"initialPriority":"VeryHigh","referrerPolicy":"strict-origin-when-cross-origin"},"frameId":"0274471DB1952DFBB319D95742CE462D","resourceType":"Stylesheet"},"sessionId":"64F92E651DD6905F40001BFD7E9F7C2B"}
org.openqa.selenium.devtools.DevToolsException: {"id":72,"error":{"code":-32602,"message":"Invalid InterceptionId."},"sessionId":"64F92E651DD6905F40001BFD7E9F7C2B"}
Build info: version: '4.11.0', revision: '040bc5406b'
System info: os.name: 'Windows 10', os.arch: 'amd64', os.version: '10.0', java.version: '11.0.19'
Driver info: driver.version: unknown
	at org.openqa.selenium.devtools.Connection.sendAndWait(Connection.java:181)
	at org.openqa.selenium.devtools.DevTools.send(DevTools.java:81)
	at org.openqa.selenium.devtools.idealized.Network.lambda$prepareToInterceptTraffic$3(Network.java:211)
	at org.openqa.selenium.remote.http.Filter.lambda$andFinally$1(Filter.java:55)
	at org.openqa.selenium.devtools.idealized.Network.lambda$prepareToInterceptTraffic$4(Network.java:226)
	at org.openqa.selenium.devtools.Connection.lambda$handle$4(Connection.java:321)
	at java.base/java.util.stream.ForEachOps$ForEachOp$OfRef.accept(ForEachOps.java:183)
	at java.base/java.util.stream.ReferencePipeline$2$1.accept(ReferencePipeline.java:177)
	at java.base/java.util.stream.ReferencePipeline$11$1.accept(ReferencePipeline.java:442)
	at java.base/java.util.HashMap$KeySpliterator.forEachRemaining(HashMap.java:1621)
	at java.base/java.util.stream.AbstractPipeline.copyInto(AbstractPipeline.java:484)
	at java.base/java.util.stream.AbstractPipeline.wrapAndCopyInto(AbstractPipeline.java:474)
	at java.base/java.util.stream.ForEachOps$ForEachOp.evaluateSequential(ForEachOps.java:150)
	at java.base/java.util.stream.ForEachOps$ForEachOp$OfRef.evaluateSequential(ForEachOps.java:173)
	at java.base/java.util.stream.AbstractPipeline.evaluate(AbstractPipeline.java:234)
	at java.base/java.util.stream.ReferencePipeline.forEach(ReferencePipeline.java:497)
	at org.openqa.selenium.devtools.Connection.handle(Connection.java:287)
	at org.openqa.selenium.devtools.Connection.access$200(Connection.java:57)
	at org.openqa.selenium.devtools.Connection$Listener.lambda$onText$0(Connection.java:224)
	at java.base/java.util.concurrent.ThreadPoolExecutor.runWorker(ThreadPoolExecutor.java:1128)
	at java.base/java.util.concurrent.ThreadPoolExecutor$Worker.run(ThreadPoolExecutor.java:628)
	at java.base/java.lang.Thread.run(Thread.java:829)
Caused by: org.openqa.selenium.WebDriverException: {"id":72,"error":{"code":-32602,"message":"Invalid InterceptionId."},"sessionId":"64F92E651DD6905F40001BFD7E9F7C2B"}
Build info: version: '4.11.0', revision: '040bc5406b'
System info: os.name: 'Windows 10', os.arch: 'amd64', os.version: '10.0', java.version: '11.0.19'
Driver info: driver.version: unknown
	at org.openqa.selenium.devtools.Connection.handle(Connection.java:260)
	... 5 more

Exception in thread "CDP Connection" org.openqa.selenium.devtools.DevToolsException: {"id":72,"error":{"code":-32602,"message":"Invalid InterceptionId."},"sessionId":"64F92E651DD6905F40001BFD7E9F7C2B"}
Build info: version: '4.11.0', revision: '040bc5406b'
System info: os.name: 'Windows 10', os.arch: 'amd64', os.version: '10.0', java.version: '11.0.19'
Driver info: driver.version: unknown
	at org.openqa.selenium.devtools.Connection$Listener.lambda$onText$0(Connection.java:227)
	at java.base/java.util.concurrent.ThreadPoolExecutor.runWorker(ThreadPoolExecutor.java:1128)
	at java.base/java.util.concurrent.ThreadPoolExecutor$Worker.run(ThreadPoolExecutor.java:628)
	at java.base/java.lang.Thread.run(Thread.java:829)
Caused by: org.openqa.selenium.devtools.DevToolsException: {"id":72,"error":{"code":-32602,"message":"Invalid InterceptionId."},"sessionId":"64F92E651DD6905F40001BFD7E9F7C2B"}
Build info: version: '4.11.0', revision: '040bc5406b'
System info: os.name: 'Windows 10', os.arch: 'amd64', os.version: '10.0', java.version: '11.0.19'
Driver info: driver.version: unknown
	at org.openqa.selenium.devtools.Connection.sendAndWait(Connection.java:181)
	at org.openqa.selenium.devtools.DevTools.send(DevTools.java:81)
	at org.openqa.selenium.devtools.idealized.Network.lambda$prepareToInterceptTraffic$3(Network.java:211)
	at org.openqa.selenium.remote.http.Filter.lambda$andFinally$1(Filter.java:55)
	at org.openqa.selenium.devtools.idealized.Network.lambda$prepareToInterceptTraffic$4(Network.java:226)
	at org.openqa.selenium.devtools.Connection.lambda$handle$4(Connection.java:321)
	at java.base/java.util.stream.ForEachOps$ForEachOp$OfRef.accept(ForEachOps.java:183)
	at java.base/java.util.stream.ReferencePipeline$2$1.accept(ReferencePipeline.java:177)
	at java.base/java.util.stream.ReferencePipeline$11$1.accept(ReferencePipeline.java:442)
	at java.base/java.util.HashMap$KeySpliterator.forEachRemaining(HashMap.java:1621)
	at java.base/java.util.stream.AbstractPipeline.copyInto(AbstractPipeline.java:484)
	at java.base/java.util.stream.AbstractPipeline.wrapAndCopyInto(AbstractPipeline.java:474)
	at java.base/java.util.stream.ForEachOps$ForEachOp.evaluateSequential(ForEachOps.java:150)
	at java.base/java.util.stream.ForEachOps$ForEachOp$OfRef.evaluateSequential(ForEachOps.java:173)
	at java.base/java.util.stream.AbstractPipeline.evaluate(AbstractPipeline.java:234)
	at java.base/java.util.stream.ReferencePipeline.forEach(ReferencePipeline.java:497)
	at org.openqa.selenium.devtools.Connection.handle(Connection.java:287)
	at org.openqa.selenium.devtools.Connection.access$200(Connection.java:57)
	at org.openqa.selenium.devtools.Connection$Listener.lambda$onText$0(Connection.java:224)
	... 3 more
Caused by: org.openqa.selenium.WebDriverException: {"id":72,"error":{"code":-32602,"message":"Invalid InterceptionId."},"sessionId":"64F92E651DD6905F40001BFD7E9F7C2B"}
Build info: version: '4.11.0', revision: '040bc5406b'
System info: os.name: 'Windows 10', os.arch: 'amd64', os.version: '10.0', java.version: '11.0.19'
Driver info: driver.version: unknown
	at org.openqa.selenium.devtools.Connection.handle(Connection.java:260)
	... 5 more
авг. 28, 2023 8:57:26 PM org.openqa.selenium.devtools.Connection$Listener lambda$onText$0
WARNING: Unable to process: {"method":"Fetch.requestPaused","params":{"requestId":"interception-job-20.0","request":{"url":"http://localhost:9999/static/js/main.324da39a.chunk.js","method":"GET","headers":{"Accept":"*/*","Referer":"http://localhost:9999/","User-Agent":"Mozilla/5.0 (Windows NT 10.0; Win64; x64) AppleWebKit/537.36 (KHTML, like Gecko) Chrome/116.0.0.0 Safari/537.36","sec-ch-ua":"\"Chromium\";v=\"116\", \"Not)A;Brand\";v=\"24\", \"Google Chrome\";v=\"116\"","sec-ch-ua-mobile":"?0","sec-ch-ua-platform":"\"Windows\""},"initialPriority":"High","referrerPolicy":"strict-origin-when-cross-origin"},"frameId":"0274471DB1952DFBB319D95742CE462D","resourceType":"Script"},"sessionId":"64F92E651DD6905F40001BFD7E9F7C2B"}
org.openqa.selenium.devtools.DevToolsException: {"id":73,"error":{"code":-32602,"message":"Invalid InterceptionId."},"sessionId":"64F92E651DD6905F40001BFD7E9F7C2B"}
Build info: version: '4.11.0', revision: '040bc5406b'
System info: os.name: 'Windows 10', os.arch: 'amd64', os.version: '10.0', java.version: '11.0.19'
Driver info: driver.version: unknown
	at org.openqa.selenium.devtools.Connection.sendAndWait(Connection.java:181)
	at org.openqa.selenium.devtools.DevTools.send(DevTools.java:81)
	at org.openqa.selenium.devtools.idealized.Network.lambda$prepareToInterceptTraffic$3(Network.java:211)
	at org.openqa.selenium.remote.http.Filter.lambda$andFinally$1(Filter.java:55)
	at org.openqa.selenium.devtools.idealized.Network.lambda$prepareToInterceptTraffic$4(Network.java:226)
	at org.openqa.selenium.devtools.Connection.lambda$handle$4(Connection.java:321)
	at java.base/java.util.stream.ForEachOps$ForEachOp$OfRef.accept(ForEachOps.java:183)
	at java.base/java.util.stream.ReferencePipeline$2$1.accept(ReferencePipeline.java:177)
	at java.base/java.util.stream.ReferencePipeline$11$1.accept(ReferencePipeline.java:442)
	at java.base/java.util.HashMap$KeySpliterator.forEachRemaining(HashMap.java:1621)
	at java.base/java.util.stream.AbstractPipeline.copyInto(AbstractPipeline.java:484)
	at java.base/java.util.stream.AbstractPipeline.wrapAndCopyInto(AbstractPipeline.java:474)
	at java.base/java.util.stream.ForEachOps$ForEachOp.evaluateSequential(ForEachOps.java:150)
	at java.base/java.util.stream.ForEachOps$ForEachOp$OfRef.evaluateSequential(ForEachOps.java:173)
	at java.base/java.util.stream.AbstractPipeline.evaluate(AbstractPipeline.java:234)
	at java.base/java.util.stream.ReferencePipeline.forEach(ReferencePipeline.java:497)
	at org.openqa.selenium.devtools.Connection.handle(Connection.java:287)
	at org.openqa.selenium.devtools.Connection.access$200(Connection.java:57)
	at org.openqa.selenium.devtools.Connection$Listener.lambda$onText$0(Connection.java:224)
	at java.base/java.util.concurrent.ThreadPoolExecutor.runWorker(ThreadPoolExecutor.java:1128)
	at java.base/java.util.concurrent.ThreadPoolExecutor$Worker.run(ThreadPoolExecutor.java:628)
	at java.base/java.lang.Thread.run(Thread.java:829)
Caused by: org.openqa.selenium.WebDriverException: {"id":73,"error":{"code":-32602,"message":"Invalid InterceptionId."},"sessionId":"64F92E651DD6905F40001BFD7E9F7C2B"}
Build info: version: '4.11.0', revision: '040bc5406b'
System info: os.name: 'Windows 10', os.arch: 'amd64', os.version: '10.0', java.version: '11.0.19'
Driver info: driver.version: unknown
	at org.openqa.selenium.devtools.Connection.handle(Connection.java:260)
	... 5 more

Exception in thread "CDP Connection" org.openqa.selenium.devtools.DevToolsException: {"id":73,"error":{"code":-32602,"message":"Invalid InterceptionId."},"sessionId":"64F92E651DD6905F40001BFD7E9F7C2B"}
Build info: version: '4.11.0', revision: '040bc5406b'
System info: os.name: 'Windows 10', os.arch: 'amd64', os.version: '10.0', java.version: '11.0.19'
Driver info: driver.version: unknown
	at org.openqa.selenium.devtools.Connection$Listener.lambda$onText$0(Connection.java:227)
	at java.base/java.util.concurrent.ThreadPoolExecutor.runWorker(ThreadPoolExecutor.java:1128)
	at java.base/java.util.concurrent.ThreadPoolExecutor$Worker.run(ThreadPoolExecutor.java:628)
	at java.base/java.lang.Thread.run(Thread.java:829)
Caused by: org.openqa.selenium.devtools.DevToolsException: {"id":73,"error":{"code":-32602,"message":"Invalid InterceptionId."},"sessionId":"64F92E651DD6905F40001BFD7E9F7C2B"}
Build info: version: '4.11.0', revision: '040bc5406b'
System info: os.name: 'Windows 10', os.arch: 'amd64', os.version: '10.0', java.version: '11.0.19'
Driver info: driver.version: unknown
	at org.openqa.selenium.devtools.Connection.sendAndWait(Connection.java:181)
	at org.openqa.selenium.devtools.DevTools.send(DevTools.java:81)
	at org.openqa.selenium.devtools.idealized.Network.lambda$prepareToInterceptTraffic$3(Network.java:211)
	at org.openqa.selenium.remote.http.Filter.lambda$andFinally$1(Filter.java:55)
	at org.openqa.selenium.devtools.idealized.Network.lambda$prepareToInterceptTraffic$4(Network.java:226)
	at org.openqa.selenium.devtools.Connection.lambda$handle$4(Connection.java:321)
	at java.base/java.util.stream.ForEachOps$ForEachOp$OfRef.accept(ForEachOps.java:183)
	at java.base/java.util.stream.ReferencePipeline$2$1.accept(ReferencePipeline.java:177)
	at java.base/java.util.stream.ReferencePipeline$11$1.accept(ReferencePipeline.java:442)
	at java.base/java.util.HashMap$KeySpliterator.forEachRemaining(HashMap.java:1621)
	at java.base/java.util.stream.AbstractPipeline.copyInto(AbstractPipeline.java:484)
	at java.base/java.util.stream.AbstractPipeline.wrapAndCopyInto(AbstractPipeline.java:474)
	at java.base/java.util.stream.ForEachOps$ForEachOp.evaluateSequential(ForEachOps.java:150)
	at java.base/java.util.stream.ForEachOps$ForEachOp$OfRef.evaluateSequential(ForEachOps.java:173)
	at java.base/java.util.stream.AbstractPipeline.evaluate(AbstractPipeline.java:234)
	at java.base/java.util.stream.ReferencePipeline.forEach(ReferencePipeline.java:497)
	at org.openqa.selenium.devtools.Connection.handle(Connection.java:287)
	at org.openqa.selenium.devtools.Connection.access$200(Connection.java:57)
	at org.openqa.selenium.devtools.Connection$Listener.lambda$onText$0(Connection.java:224)
	... 3 more
Caused by: org.openqa.selenium.WebDriverException: {"id":73,"error":{"code":-32602,"message":"Invalid InterceptionId."},"sessionId":"64F92E651DD6905F40001BFD7E9F7C2B"}
Build info: version: '4.11.0', revision: '040bc5406b'
System info: os.name: 'Windows 10', os.arch: 'amd64', os.version: '10.0', java.version: '11.0.19'
Driver info: driver.version: unknown
	at org.openqa.selenium.devtools.Connection.handle(Connection.java:260)
	... 5 more
авг. 28, 2023 8:57:26 PM org.openqa.selenium.devtools.Connection$Listener lambda$onText$0
WARNING: Unable to process: {"method":"Fetch.requestPaused","params":{"requestId":"interception-job-19.0","request":{"url":"http://localhost:9999/static/js/2.fbbefc1a.chunk.js","method":"GET","headers":{"Accept":"*/*","Referer":"http://localhost:9999/","User-Agent":"Mozilla/5.0 (Windows NT 10.0; Win64; x64) AppleWebKit/537.36 (KHTML, like Gecko) Chrome/116.0.0.0 Safari/537.36","sec-ch-ua":"\"Chromium\";v=\"116\", \"Not)A;Brand\";v=\"24\", \"Google Chrome\";v=\"116\"","sec-ch-ua-mobile":"?0","sec-ch-ua-platform":"\"Windows\""},"initialPriority":"High","referrerPolicy":"unsafe-url"},"frameId":"0274471DB1952DFBB319D95742CE462D","resourceType":"Script","responseStatusCode":200,"responseStatusText":"OK","responseHeaders":[{"name":"Content-Length","value":"248457"},{"name":"Content-Type","value":"application/javascript"},{"name":"Connection","value":"keep-alive"}]},"sessionId":"64F92E651DD6905F40001BFD7E9F7C2B"}
org.openqa.selenium.devtools.DevToolsException: {"id":78,"error":{"code":-32602,"message":"Invalid InterceptionId."},"sessionId":"64F92E651DD6905F40001BFD7E9F7C2B"}
Build info: version: '4.11.0', revision: '040bc5406b'
System info: os.name: 'Windows 10', os.arch: 'amd64', os.version: '10.0', java.version: '11.0.19'
Driver info: driver.version: unknown
	at org.openqa.selenium.devtools.Connection.sendAndWait(Connection.java:181)
	at org.openqa.selenium.devtools.DevTools.send(DevTools.java:81)
	at org.openqa.selenium.devtools.idealized.Network.lambda$prepareToInterceptTraffic$4(Network.java:194)
	at org.openqa.selenium.devtools.Connection.lambda$handle$4(Connection.java:321)
	at java.base/java.util.stream.ForEachOps$ForEachOp$OfRef.accept(ForEachOps.java:183)
	at java.base/java.util.stream.ReferencePipeline$2$1.accept(ReferencePipeline.java:177)
	at java.base/java.util.stream.ReferencePipeline$11$1.accept(ReferencePipeline.java:442)
	at java.base/java.util.HashMap$KeySpliterator.forEachRemaining(HashMap.java:1621)
	at java.base/java.util.stream.AbstractPipeline.copyInto(AbstractPipeline.java:484)
	at java.base/java.util.stream.AbstractPipeline.wrapAndCopyInto(AbstractPipeline.java:474)
	at java.base/java.util.stream.ForEachOps$ForEachOp.evaluateSequential(ForEachOps.java:150)
	at java.base/java.util.stream.ForEachOps$ForEachOp$OfRef.evaluateSequential(ForEachOps.java:173)
	at java.base/java.util.stream.AbstractPipeline.evaluate(AbstractPipeline.java:234)
	at java.base/java.util.stream.ReferencePipeline.forEach(ReferencePipeline.java:497)
	at org.openqa.selenium.devtools.Connection.handle(Connection.java:287)
	at org.openqa.selenium.devtools.Connection.access$200(Connection.java:57)
	at org.openqa.selenium.devtools.Connection$Listener.lambda$onText$0(Connection.java:224)
	at java.base/java.util.concurrent.ThreadPoolExecutor.runWorker(ThreadPoolExecutor.java:1128)
	at java.base/java.util.concurrent.ThreadPoolExecutor$Worker.run(ThreadPoolExecutor.java:628)
	at java.base/java.lang.Thread.run(Thread.java:829)
Caused by: org.openqa.selenium.WebDriverException: {"id":78,"error":{"code":-32602,"message":"Invalid InterceptionId."},"sessionId":"64F92E651DD6905F40001BFD7E9F7C2B"}
Build info: version: '4.11.0', revision: '040bc5406b'
System info: os.name: 'Windows 10', os.arch: 'amd64', os.version: '10.0', java.version: '11.0.19'
Driver info: driver.version: unknown
	at org.openqa.selenium.devtools.Connection.handle(Connection.java:260)
	... 5 more

Exception in thread "CDP Connection" org.openqa.selenium.devtools.DevToolsException: {"id":78,"error":{"code":-32602,"message":"Invalid InterceptionId."},"sessionId":"64F92E651DD6905F40001BFD7E9F7C2B"}
Build info: version: '4.11.0', revision: '040bc5406b'
System info: os.name: 'Windows 10', os.arch: 'amd64', os.version: '10.0', java.version: '11.0.19'
Driver info: driver.version: unknown
	at org.openqa.selenium.devtools.Connection$Listener.lambda$onText$0(Connection.java:227)
	at java.base/java.util.concurrent.ThreadPoolExecutor.runWorker(ThreadPoolExecutor.java:1128)
	at java.base/java.util.concurrent.ThreadPoolExecutor$Worker.run(ThreadPoolExecutor.java:628)
	at java.base/java.lang.Thread.run(Thread.java:829)
Caused by: org.openqa.selenium.devtools.DevToolsException: {"id":78,"error":{"code":-32602,"message":"Invalid InterceptionId."},"sessionId":"64F92E651DD6905F40001BFD7E9F7C2B"}
Build info: version: '4.11.0', revision: '040bc5406b'
System info: os.name: 'Windows 10', os.arch: 'amd64', os.version: '10.0', java.version: '11.0.19'
Driver info: driver.version: unknown
	at org.openqa.selenium.devtools.Connection.sendAndWait(Connection.java:181)
	at org.openqa.selenium.devtools.DevTools.send(DevTools.java:81)
	at org.openqa.selenium.devtools.idealized.Network.lambda$prepareToInterceptTraffic$4(Network.java:194)
	at org.openqa.selenium.devtools.Connection.lambda$handle$4(Connection.java:321)
	at java.base/java.util.stream.ForEachOps$ForEachOp$OfRef.accept(ForEachOps.java:183)
	at java.base/java.util.stream.ReferencePipeline$2$1.accept(ReferencePipeline.java:177)
	at java.base/java.util.stream.ReferencePipeline$11$1.accept(ReferencePipeline.java:442)
	at java.base/java.util.HashMap$KeySpliterator.forEachRemaining(HashMap.java:1621)
	at java.base/java.util.stream.AbstractPipeline.copyInto(AbstractPipeline.java:484)
	at java.base/java.util.stream.AbstractPipeline.wrapAndCopyInto(AbstractPipeline.java:474)
	at java.base/java.util.stream.ForEachOps$ForEachOp.evaluateSequential(ForEachOps.java:150)
	at java.base/java.util.stream.ForEachOps$ForEachOp$OfRef.evaluateSequential(ForEachOps.java:173)
	at java.base/java.util.stream.AbstractPipeline.evaluate(AbstractPipeline.java:234)
	at java.base/java.util.stream.ReferencePipeline.forEach(ReferencePipeline.java:497)
	at org.openqa.selenium.devtools.Connection.handle(Connection.java:287)
	at org.openqa.selenium.devtools.Connection.access$200(Connection.java:57)
	at org.openqa.selenium.devtools.Connection$Listener.lambda$onText$0(Connection.java:224)
	... 3 more
Caused by: org.openqa.selenium.WebDriverException: {"id":78,"error":{"code":-32602,"message":"Invalid InterceptionId."},"sessionId":"64F92E651DD6905F40001BFD7E9F7C2B"}
Build info: version: '4.11.0', revision: '040bc5406b'
System info: os.name: 'Windows 10', os.arch: 'amd64', os.version: '10.0', java.version: '11.0.19'
Driver info: driver.version: unknown
	at org.openqa.selenium.devtools.Connection.handle(Connection.java:260)
	... 5 more
авг. 28, 2023 8:57:27 PM org.openqa.selenium.devtools.Connection$Listener lambda$onText$0
WARNING: Unable to process: {"method":"Fetch.requestPaused","params":{"requestId":"interception-job-18.0","request":{"url":"http://localhost:9999/static/css/main.dafb44f5.chunk.css","method":"GET","headers":{"Accept":"text/css,*/*;q=0.1","Referer":"http://localhost:9999/","User-Agent":"Mozilla/5.0 (Windows NT 10.0; Win64; x64) AppleWebKit/537.36 (KHTML, like Gecko) Chrome/116.0.0.0 Safari/537.36","sec-ch-ua":"\"Chromium\";v=\"116\", \"Not)A;Brand\";v=\"24\", \"Google Chrome\";v=\"116\"","sec-ch-ua-mobile":"?0","sec-ch-ua-platform":"\"Windows\""},"initialPriority":"VeryHigh","referrerPolicy":"strict-origin-when-cross-origin"},"frameId":"0274471DB1952DFBB319D95742CE462D","resourceType":"Stylesheet"},"sessionId":"64F92E651DD6905F40001BFD7E9F7C2B"}
org.openqa.selenium.devtools.DevToolsException: {"id":80,"error":{"code":-32602,"message":"Invalid InterceptionId."},"sessionId":"64F92E651DD6905F40001BFD7E9F7C2B"}
Build info: version: '4.11.0', revision: '040bc5406b'
System info: os.name: 'Windows 10', os.arch: 'amd64', os.version: '10.0', java.version: '11.0.19'
Driver info: driver.version: unknown
	at org.openqa.selenium.devtools.Connection.sendAndWait(Connection.java:181)
	at org.openqa.selenium.devtools.DevTools.send(DevTools.java:81)
	at org.openqa.selenium.devtools.idealized.Network.lambda$prepareToInterceptTraffic$4(Network.java:233)
	at org.openqa.selenium.devtools.Connection.lambda$handle$4(Connection.java:321)
	at java.base/java.util.stream.ForEachOps$ForEachOp$OfRef.accept(ForEachOps.java:183)
	at java.base/java.util.stream.ReferencePipeline$2$1.accept(ReferencePipeline.java:177)
	at java.base/java.util.stream.ReferencePipeline$11$1.accept(ReferencePipeline.java:442)
	at java.base/java.util.HashMap$KeySpliterator.forEachRemaining(HashMap.java:1621)
	at java.base/java.util.stream.AbstractPipeline.copyInto(AbstractPipeline.java:484)
	at java.base/java.util.stream.AbstractPipeline.wrapAndCopyInto(AbstractPipeline.java:474)
	at java.base/java.util.stream.ForEachOps$ForEachOp.evaluateSequential(ForEachOps.java:150)
	at java.base/java.util.stream.ForEachOps$ForEachOp$OfRef.evaluateSequential(ForEachOps.java:173)
	at java.base/java.util.stream.AbstractPipeline.evaluate(AbstractPipeline.java:234)
	at java.base/java.util.stream.ReferencePipeline.forEach(ReferencePipeline.java:497)
	at org.openqa.selenium.devtools.Connection.handle(Connection.java:287)
	at org.openqa.selenium.devtools.Connection.access$200(Connection.java:57)
	at org.openqa.selenium.devtools.Connection$Listener.lambda$onText$0(Connection.java:224)
	at java.base/java.util.concurrent.ThreadPoolExecutor.runWorker(ThreadPoolExecutor.java:1128)
	at java.base/java.util.concurrent.ThreadPoolExecutor$Worker.run(ThreadPoolExecutor.java:628)
	at java.base/java.lang.Thread.run(Thread.java:829)
Caused by: org.openqa.selenium.WebDriverException: {"id":80,"error":{"code":-32602,"message":"Invalid InterceptionId."},"sessionId":"64F92E651DD6905F40001BFD7E9F7C2B"}
Build info: version: '4.11.0', revision: '040bc5406b'
System info: os.name: 'Windows 10', os.arch: 'amd64', os.version: '10.0', java.version: '11.0.19'
Driver info: driver.version: unknown
	at org.openqa.selenium.devtools.Connection.handle(Connection.java:260)
	... 5 more

Exception in thread "CDP Connection" org.openqa.selenium.devtools.DevToolsException: {"id":80,"error":{"code":-32602,"message":"Invalid InterceptionId."},"sessionId":"64F92E651DD6905F40001BFD7E9F7C2B"}
Build info: version: '4.11.0', revision: '040bc5406b'
System info: os.name: 'Windows 10', os.arch: 'amd64', os.version: '10.0', java.version: '11.0.19'
Driver info: driver.version: unknown
	at org.openqa.selenium.devtools.Connection$Listener.lambda$onText$0(Connection.java:227)
	at java.base/java.util.concurrent.ThreadPoolExecutor.runWorker(ThreadPoolExecutor.java:1128)
	at java.base/java.util.concurrent.ThreadPoolExecutor$Worker.run(ThreadPoolExecutor.java:628)
	at java.base/java.lang.Thread.run(Thread.java:829)
Caused by: org.openqa.selenium.devtools.DevToolsException: {"id":80,"error":{"code":-32602,"message":"Invalid InterceptionId."},"sessionId":"64F92E651DD6905F40001BFD7E9F7C2B"}
Build info: version: '4.11.0', revision: '040bc5406b'
System info: os.name: 'Windows 10', os.arch: 'amd64', os.version: '10.0', java.version: '11.0.19'
Driver info: driver.version: unknown
	at org.openqa.selenium.devtools.Connection.sendAndWait(Connection.java:181)
	at org.openqa.selenium.devtools.DevTools.send(DevTools.java:81)
	at org.openqa.selenium.devtools.idealized.Network.lambda$prepareToInterceptTraffic$4(Network.java:233)
	at org.openqa.selenium.devtools.Connection.lambda$handle$4(Connection.java:321)
	at java.base/java.util.stream.ForEachOps$ForEachOp$OfRef.accept(ForEachOps.java:183)
	at java.base/java.util.stream.ReferencePipeline$2$1.accept(ReferencePipeline.java:177)
	at java.base/java.util.stream.ReferencePipeline$11$1.accept(ReferencePipeline.java:442)
	at java.base/java.util.HashMap$KeySpliterator.forEachRemaining(HashMap.java:1621)
	at java.base/java.util.stream.AbstractPipeline.copyInto(AbstractPipeline.java:484)
	at java.base/java.util.stream.AbstractPipeline.wrapAndCopyInto(AbstractPipeline.java:474)
	at java.base/java.util.stream.ForEachOps$ForEachOp.evaluateSequential(ForEachOps.java:150)
	at java.base/java.util.stream.ForEachOps$ForEachOp$OfRef.evaluateSequential(ForEachOps.java:173)
	at java.base/java.util.stream.AbstractPipeline.evaluate(AbstractPipeline.java:234)
	at java.base/java.util.stream.ReferencePipeline.forEach(ReferencePipeline.java:497)
	at org.openqa.selenium.devtools.Connection.handle(Connection.java:287)
	at org.openqa.selenium.devtools.Connection.access$200(Connection.java:57)
	at org.openqa.selenium.devtools.Connection$Listener.lambda$onText$0(Connection.java:224)
	... 3 more
Caused by: org.openqa.selenium.WebDriverException: {"id":80,"error":{"code":-32602,"message":"Invalid InterceptionId."},"sessionId":"64F92E651DD6905F40001BFD7E9F7C2B"}
Build info: version: '4.11.0', revision: '040bc5406b'
System info: os.name: 'Windows 10', os.arch: 'amd64', os.version: '10.0', java.version: '11.0.19'
Driver info: driver.version: unknown
	at org.openqa.selenium.devtools.Connection.handle(Connection.java:260)
	... 5 more
авг. 28, 2023 8:57:27 PM org.openqa.selenium.devtools.Connection$Listener lambda$onText$0
WARNING: Unable to process: {"method":"Fetch.requestPaused","params":{"requestId":"interception-job-19.0","request":{"url":"http://localhost:9999/static/js/2.fbbefc1a.chunk.js","method":"GET","headers":{"Accept":"*/*","Referer":"http://localhost:9999/","User-Agent":"Mozilla/5.0 (Windows NT 10.0; Win64; x64) AppleWebKit/537.36 (KHTML, like Gecko) Chrome/116.0.0.0 Safari/537.36","sec-ch-ua":"\"Chromium\";v=\"116\", \"Not)A;Brand\";v=\"24\", \"Google Chrome\";v=\"116\"","sec-ch-ua-mobile":"?0","sec-ch-ua-platform":"\"Windows\""},"initialPriority":"High","referrerPolicy":"strict-origin-when-cross-origin"},"frameId":"0274471DB1952DFBB319D95742CE462D","resourceType":"Script"},"sessionId":"64F92E651DD6905F40001BFD7E9F7C2B"}
org.openqa.selenium.devtools.DevToolsException: {"id":79,"error":{"code":-32602,"message":"Invalid InterceptionId."},"sessionId":"64F92E651DD6905F40001BFD7E9F7C2B"}
Build info: version: '4.11.0', revision: '040bc5406b'
System info: os.name: 'Windows 10', os.arch: 'amd64', os.version: '10.0', java.version: '11.0.19'
Driver info: driver.version: unknown
	at org.openqa.selenium.devtools.Connection.sendAndWait(Connection.java:181)
	at org.openqa.selenium.devtools.DevTools.send(DevTools.java:81)
	at org.openqa.selenium.devtools.idealized.Network.lambda$prepareToInterceptTraffic$3(Network.java:211)
	at org.openqa.selenium.remote.http.Filter.lambda$andFinally$1(Filter.java:55)
	at org.openqa.selenium.devtools.idealized.Network.lambda$prepareToInterceptTraffic$4(Network.java:226)
	at org.openqa.selenium.devtools.Connection.lambda$handle$4(Connection.java:321)
	at java.base/java.util.stream.ForEachOps$ForEachOp$OfRef.accept(ForEachOps.java:183)
	at java.base/java.util.stream.ReferencePipeline$2$1.accept(ReferencePipeline.java:177)
	at java.base/java.util.stream.ReferencePipeline$11$1.accept(ReferencePipeline.java:442)
	at java.base/java.util.HashMap$KeySpliterator.forEachRemaining(HashMap.java:1621)
	at java.base/java.util.stream.AbstractPipeline.copyInto(AbstractPipeline.java:484)
	at java.base/java.util.stream.AbstractPipeline.wrapAndCopyInto(AbstractPipeline.java:474)
	at java.base/java.util.stream.ForEachOps$ForEachOp.evaluateSequential(ForEachOps.java:150)
	at java.base/java.util.stream.ForEachOps$ForEachOp$OfRef.evaluateSequential(ForEachOps.java:173)
	at java.base/java.util.stream.AbstractPipeline.evaluate(AbstractPipeline.java:234)
	at java.base/java.util.stream.ReferencePipeline.forEach(ReferencePipeline.java:497)
	at org.openqa.selenium.devtools.Connection.handle(Connection.java:287)
	at org.openqa.selenium.devtools.Connection.access$200(Connection.java:57)
	at org.openqa.selenium.devtools.Connection$Listener.lambda$onText$0(Connection.java:224)
	at java.base/java.util.concurrent.ThreadPoolExecutor.runWorker(ThreadPoolExecutor.java:1128)
	at java.base/java.util.concurrent.ThreadPoolExecutor$Worker.run(ThreadPoolExecutor.java:628)
	at java.base/java.lang.Thread.run(Thread.java:829)
Caused by: org.openqa.selenium.WebDriverException: {"id":79,"error":{"code":-32602,"message":"Invalid InterceptionId."},"sessionId":"64F92E651DD6905F40001BFD7E9F7C2B"}
Build info: version: '4.11.0', revision: '040bc5406b'
System info: os.name: 'Windows 10', os.arch: 'amd64', os.version: '10.0', java.version: '11.0.19'
Driver info: driver.version: unknown
	at org.openqa.selenium.devtools.Connection.handle(Connection.java:260)
	... 5 more

Exception in thread "CDP Connection" org.openqa.selenium.devtools.DevToolsException: {"id":79,"error":{"code":-32602,"message":"Invalid InterceptionId."},"sessionId":"64F92E651DD6905F40001BFD7E9F7C2B"}
Build info: version: '4.11.0', revision: '040bc5406b'
System info: os.name: 'Windows 10', os.arch: 'amd64', os.version: '10.0', java.version: '11.0.19'
Driver info: driver.version: unknown
	at org.openqa.selenium.devtools.Connection$Listener.lambda$onText$0(Connection.java:227)
	at java.base/java.util.concurrent.ThreadPoolExecutor.runWorker(ThreadPoolExecutor.java:1128)
	at java.base/java.util.concurrent.ThreadPoolExecutor$Worker.run(ThreadPoolExecutor.java:628)
	at java.base/java.lang.Thread.run(Thread.java:829)
Caused by: org.openqa.selenium.devtools.DevToolsException: {"id":79,"error":{"code":-32602,"message":"Invalid InterceptionId."},"sessionId":"64F92E651DD6905F40001BFD7E9F7C2B"}
Build info: version: '4.11.0', revision: '040bc5406b'
System info: os.name: 'Windows 10', os.arch: 'amd64', os.version: '10.0', java.version: '11.0.19'
Driver info: driver.version: unknown
	at org.openqa.selenium.devtools.Connection.sendAndWait(Connection.java:181)
	at org.openqa.selenium.devtools.DevTools.send(DevTools.java:81)
	at org.openqa.selenium.devtools.idealized.Network.lambda$prepareToInterceptTraffic$3(Network.java:211)
	at org.openqa.selenium.remote.http.Filter.lambda$andFinally$1(Filter.java:55)
	at org.openqa.selenium.devtools.idealized.Network.lambda$prepareToInterceptTraffic$4(Network.java:226)
	at org.openqa.selenium.devtools.Connection.lambda$handle$4(Connection.java:321)
	at java.base/java.util.stream.ForEachOps$ForEachOp$OfRef.accept(ForEachOps.java:183)
	at java.base/java.util.stream.ReferencePipeline$2$1.accept(ReferencePipeline.java:177)
	at java.base/java.util.stream.ReferencePipeline$11$1.accept(ReferencePipeline.java:442)
	at java.base/java.util.HashMap$KeySpliterator.forEachRemaining(HashMap.java:1621)
	at java.base/java.util.stream.AbstractPipeline.copyInto(AbstractPipeline.java:484)
	at java.base/java.util.stream.AbstractPipeline.wrapAndCopyInto(AbstractPipeline.java:474)
	at java.base/java.util.stream.ForEachOps$ForEachOp.evaluateSequential(ForEachOps.java:150)
	at java.base/java.util.stream.ForEachOps$ForEachOp$OfRef.evaluateSequential(ForEachOps.java:173)
	at java.base/java.util.stream.AbstractPipeline.evaluate(AbstractPipeline.java:234)
	at java.base/java.util.stream.ReferencePipeline.forEach(ReferencePipeline.java:497)
	at org.openqa.selenium.devtools.Connection.handle(Connection.java:287)
	at org.openqa.selenium.devtools.Connection.access$200(Connection.java:57)
	at org.openqa.selenium.devtools.Connection$Listener.lambda$onText$0(Connection.java:224)
	... 3 more
Caused by: org.openqa.selenium.WebDriverException: {"id":79,"error":{"code":-32602,"message":"Invalid InterceptionId."},"sessionId":"64F92E651DD6905F40001BFD7E9F7C2B"}
Build info: version: '4.11.0', revision: '040bc5406b'
System info: os.name: 'Windows 10', os.arch: 'amd64', os.version: '10.0', java.version: '11.0.19'
Driver info: driver.version: unknown
	at org.openqa.selenium.devtools.Connection.handle(Connection.java:260)
	... 5 more
авг. 28, 2023 8:57:27 PM org.openqa.selenium.devtools.Connection$Listener lambda$onText$0
WARNING: Unable to process: {"method":"Fetch.requestPaused","params":{"requestId":"interception-job-23.0","request":{"url":"http://localhost:9999/static/media/icon_close_s_white.cd06f8fb.svg","method":"GET","headers":{"Accept":"image/avif,image/webp,image/apng,image/svg+xml,image/*,*/*;q=0.8","Referer":"http://localhost:9999/static/css/2.a4391e49.chunk.css","User-Agent":"Mozilla/5.0 (Windows NT 10.0; Win64; x64) AppleWebKit/537.36 (KHTML, like Gecko) Chrome/116.0.0.0 Safari/537.36","sec-ch-ua":"\"Chromium\";v=\"116\", \"Not)A;Brand\";v=\"24\", \"Google Chrome\";v=\"116\"","sec-ch-ua-mobile":"?0","sec-ch-ua-platform":"\"Windows\""},"initialPriority":"Low","referrerPolicy":"unsafe-url"},"frameId":"0274471DB1952DFBB319D95742CE462D","resourceType":"Image","responseStatusCode":200,"responseStatusText":"OK","responseHeaders":[{"name":"Content-Length","value":"247"},{"name":"Content-Type","value":"image/svg+xml"},{"name":"Connection","value":"keep-alive"}]},"sessionId":"64F92E651DD6905F40001BFD7E9F7C2B"}
org.openqa.selenium.devtools.DevToolsException: {"id":96,"error":{"code":-32602,"message":"Invalid InterceptionId."},"sessionId":"64F92E651DD6905F40001BFD7E9F7C2B"}
Build info: version: '4.11.0', revision: '040bc5406b'
System info: os.name: 'Windows 10', os.arch: 'amd64', os.version: '10.0', java.version: '11.0.19'
Driver info: driver.version: unknown
	at org.openqa.selenium.devtools.Connection.sendAndWait(Connection.java:181)
	at org.openqa.selenium.devtools.DevTools.send(DevTools.java:81)
	at org.openqa.selenium.devtools.idealized.Network.lambda$prepareToInterceptTraffic$4(Network.java:194)
	at org.openqa.selenium.devtools.Connection.lambda$handle$4(Connection.java:321)
	at java.base/java.util.stream.ForEachOps$ForEachOp$OfRef.accept(ForEachOps.java:183)
	at java.base/java.util.stream.ReferencePipeline$2$1.accept(ReferencePipeline.java:177)
	at java.base/java.util.stream.ReferencePipeline$11$1.accept(ReferencePipeline.java:442)
	at java.base/java.util.HashMap$KeySpliterator.forEachRemaining(HashMap.java:1621)
	at java.base/java.util.stream.AbstractPipeline.copyInto(AbstractPipeline.java:484)
	at java.base/java.util.stream.AbstractPipeline.wrapAndCopyInto(AbstractPipeline.java:474)
	at java.base/java.util.stream.ForEachOps$ForEachOp.evaluateSequential(ForEachOps.java:150)
	at java.base/java.util.stream.ForEachOps$ForEachOp$OfRef.evaluateSequential(ForEachOps.java:173)
	at java.base/java.util.stream.AbstractPipeline.evaluate(AbstractPipeline.java:234)
	at java.base/java.util.stream.ReferencePipeline.forEach(ReferencePipeline.java:497)
	at org.openqa.selenium.devtools.Connection.handle(Connection.java:287)
	at org.openqa.selenium.devtools.Connection.access$200(Connection.java:57)
	at org.openqa.selenium.devtools.Connection$Listener.lambda$onText$0(Connection.java:224)
	at java.base/java.util.concurrent.ThreadPoolExecutor.runWorker(ThreadPoolExecutor.java:1128)
	at java.base/java.util.concurrent.ThreadPoolExecutor$Worker.run(ThreadPoolExecutor.java:628)
	at java.base/java.lang.Thread.run(Thread.java:829)
Caused by: org.openqa.selenium.WebDriverException: {"id":96,"error":{"code":-32602,"message":"Invalid InterceptionId."},"sessionId":"64F92E651DD6905F40001BFD7E9F7C2B"}
Build info: version: '4.11.0', revision: '040bc5406b'
System info: os.name: 'Windows 10', os.arch: 'amd64', os.version: '10.0', java.version: '11.0.19'
Driver info: driver.version: unknown
	at org.openqa.selenium.devtools.Connection.handle(Connection.java:260)
	... 5 more

авг. 28, 2023 8:57:27 PM org.openqa.selenium.devtools.Connection$Listener lambda$onText$0
WARNING: Unable to process: {"method":"Fetch.requestPaused","params":{"requestId":"interception-job-21.0","request":{"url":"http://localhost:9999/static/media/icon_category-guard_m_black.636407d8.svg","method":"GET","headers":{"Accept":"image/avif,image/webp,image/apng,image/svg+xml,image/*,*/*;q=0.8","Referer":"http://localhost:9999/static/css/2.a4391e49.chunk.css","User-Agent":"Mozilla/5.0 (Windows NT 10.0; Win64; x64) AppleWebKit/537.36 (KHTML, like Gecko) Chrome/116.0.0.0 Safari/537.36","sec-ch-ua":"\"Chromium\";v=\"116\", \"Not)A;Brand\";v=\"24\", \"Google Chrome\";v=\"116\"","sec-ch-ua-mobile":"?0","sec-ch-ua-platform":"\"Windows\""},"initialPriority":"Low","referrerPolicy":"unsafe-url"},"frameId":"0274471DB1952DFBB319D95742CE462D","resourceType":"Image","responseStatusCode":200,"responseStatusText":"OK","responseHeaders":[{"name":"Content-Length","value":"848"},{"name":"Content-Type","value":"image/svg+xml"},{"name":"Connection","value":"keep-alive"}]},"sessionId":"64F92E651DD6905F40001BFD7E9F7C2B"}
org.openqa.selenium.devtools.DevToolsException: {"id":95,"error":{"code":-32602,"message":"Invalid InterceptionId."},"sessionId":"64F92E651DD6905F40001BFD7E9F7C2B"}
Build info: version: '4.11.0', revision: '040bc5406b'
System info: os.name: 'Windows 10', os.arch: 'amd64', os.version: '10.0', java.version: '11.0.19'
Driver info: driver.version: unknown
	at org.openqa.selenium.devtools.Connection.sendAndWait(Connection.java:181)
	at org.openqa.selenium.devtools.DevTools.send(DevTools.java:81)
	at org.openqa.selenium.devtools.idealized.Network.lambda$prepareToInterceptTraffic$4(Network.java:194)
	at org.openqa.selenium.devtools.Connection.lambda$handle$4(Connection.java:321)
	at java.base/java.util.stream.ForEachOps$ForEachOp$OfRef.accept(ForEachOps.java:183)
	at java.base/java.util.stream.ReferencePipeline$2$1.accept(ReferencePipeline.java:177)
	at java.base/java.util.stream.ReferencePipeline$11$1.accept(ReferencePipeline.java:442)
	at java.base/java.util.HashMap$KeySpliterator.forEachRemaining(HashMap.java:1621)
	at java.base/java.util.stream.AbstractPipeline.copyInto(AbstractPipeline.java:484)
	at java.base/java.util.stream.AbstractPipeline.wrapAndCopyInto(AbstractPipeline.java:474)
	at java.base/java.util.stream.ForEachOps$ForEachOp.evaluateSequential(ForEachOps.java:150)
	at java.base/java.util.stream.ForEachOps$ForEachOp$OfRef.evaluateSequential(ForEachOps.java:173)
	at java.base/java.util.stream.AbstractPipeline.evaluate(AbstractPipeline.java:234)
	at java.base/java.util.stream.ReferencePipeline.forEach(ReferencePipeline.java:497)
	at org.openqa.selenium.devtools.Connection.handle(Connection.java:287)
	at org.openqa.selenium.devtools.Connection.access$200(Connection.java:57)
	at org.openqa.selenium.devtools.Connection$Listener.lambda$onText$0(Connection.java:224)
	at java.base/java.util.concurrent.ThreadPoolExecutor.runWorker(ThreadPoolExecutor.java:1128)
	at java.base/java.util.concurrent.ThreadPoolExecutor$Worker.run(ThreadPoolExecutor.java:628)
	at java.base/java.lang.Thread.run(Thread.java:829)
Caused by: org.openqa.selenium.WebDriverException: {"id":95,"error":{"code":-32602,"message":"Invalid InterceptionId."},"sessionId":"64F92E651DD6905F40001BFD7E9F7C2B"}
Build info: version: '4.11.0', revision: '040bc5406b'
System info: os.name: 'Windows 10', os.arch: 'amd64', os.version: '10.0', java.version: '11.0.19'
Driver info: driver.version: unknown
	at org.openqa.selenium.devtools.Connection.handle(Connection.java:260)
	... 5 more

Exception in thread "CDP Connection" org.openqa.selenium.devtools.DevToolsException: {"id":95,"error":{"code":-32602,"message":"Invalid InterceptionId."},"sessionId":"64F92E651DD6905F40001BFD7E9F7C2B"}
Build info: version: '4.11.0', revision: '040bc5406b'
System info: os.name: 'Windows 10', os.arch: 'amd64', os.version: '10.0', java.version: '11.0.19'
Driver info: driver.version: unknown
	at org.openqa.selenium.devtools.Connection$Listener.lambda$onText$0(Connection.java:227)
	at java.base/java.util.concurrent.ThreadPoolExecutor.runWorker(ThreadPoolExecutor.java:1128)
	at java.base/java.util.concurrent.ThreadPoolExecutor$Worker.run(ThreadPoolExecutor.java:628)
	at java.base/java.lang.Thread.run(Thread.java:829)
Caused by: org.openqa.selenium.devtools.DevToolsException: {"id":95,"error":{"code":-32602,"message":"Invalid InterceptionId."},"sessionId":"64F92E651DD6905F40001BFD7E9F7C2B"}
Build info: version: '4.11.0', revision: '040bc5406b'
System info: os.name: 'Windows 10', os.arch: 'amd64', os.version: '10.0', java.version: '11.0.19'
Driver info: driver.version: unknown
	at org.openqa.selenium.devtools.Connection.sendAndWait(Connection.java:181)
	at org.openqa.selenium.devtools.DevTools.send(DevTools.java:81)
	at org.openqa.selenium.devtools.idealized.Network.lambda$prepareToInterceptTraffic$4(Network.java:194)
	at org.openqa.selenium.devtools.Connection.lambda$handle$4(Connection.java:321)
	at java.base/java.util.stream.ForEachOps$ForEachOp$OfRef.accept(ForEachOps.java:183)
	at java.base/java.util.stream.ReferencePipeline$2$1.accept(ReferencePipeline.java:177)
	at java.base/java.util.stream.ReferencePipeline$11$1.accept(ReferencePipeline.java:442)
	at java.base/java.util.HashMap$KeySpliterator.forEachRemaining(HashMap.java:1621)
	at java.base/java.util.stream.AbstractPipeline.copyInto(AbstractPipeline.java:484)
	at java.base/java.util.stream.AbstractPipeline.wrapAndCopyInto(AbstractPipeline.java:474)
	at java.base/java.util.stream.ForEachOps$ForEachOp.evaluateSequential(ForEachOps.java:150)
	at java.base/java.util.stream.ForEachOps$ForEachOp$OfRef.evaluateSequential(ForEachOps.java:173)
	at java.base/java.util.stream.AbstractPipeline.evaluate(AbstractPipeline.java:234)
	at java.base/java.util.stream.ReferencePipeline.forEach(ReferencePipeline.java:497)
	at org.openqa.selenium.devtools.Connection.handle(Connection.java:287)
	at org.openqa.selenium.devtools.Connection.access$200(Connection.java:57)
	at org.openqa.selenium.devtools.Connection$Listener.lambda$onText$0(Connection.java:224)
	... 3 more
Caused by: org.openqa.selenium.WebDriverException: {"id":95,"error":{"code":-32602,"message":"Invalid InterceptionId."},"sessionId":"64F92E651DD6905F40001BFD7E9F7C2B"}
Build info: version: '4.11.0', revision: '040bc5406b'
System info: os.name: 'Windows 10', os.arch: 'amd64', os.version: '10.0', java.version: '11.0.19'
Driver info: driver.version: unknown
	at org.openqa.selenium.devtools.Connection.handle(Connection.java:260)
	... 5 more
Exception in thread "CDP Connection" org.openqa.selenium.devtools.DevToolsException: {"id":96,"error":{"code":-32602,"message":"Invalid InterceptionId."},"sessionId":"64F92E651DD6905F40001BFD7E9F7C2B"}
Build info: version: '4.11.0', revision: '040bc5406b'
System info: os.name: 'Windows 10', os.arch: 'amd64', os.version: '10.0', java.version: '11.0.19'
Driver info: driver.version: unknown
	at org.openqa.selenium.devtools.Connection$Listener.lambda$onText$0(Connection.java:227)
	at java.base/java.util.concurrent.ThreadPoolExecutor.runWorker(ThreadPoolExecutor.java:1128)
	at java.base/java.util.concurrent.ThreadPoolExecutor$Worker.run(ThreadPoolExecutor.java:628)
	at java.base/java.lang.Thread.run(Thread.java:829)
Caused by: org.openqa.selenium.devtools.DevToolsException: {"id":96,"error":{"code":-32602,"message":"Invalid InterceptionId."},"sessionId":"64F92E651DD6905F40001BFD7E9F7C2B"}
Build info: version: '4.11.0', revision: '040bc5406b'
System info: os.name: 'Windows 10', os.arch: 'amd64', os.version: '10.0', java.version: '11.0.19'
Driver info: driver.version: unknown
	at org.openqa.selenium.devtools.Connection.sendAndWait(Connection.java:181)
	at org.openqa.selenium.devtools.DevTools.send(DevTools.java:81)
	at org.openqa.selenium.devtools.idealized.Network.lambda$prepareToInterceptTraffic$4(Network.java:194)
	at org.openqa.selenium.devtools.Connection.lambda$handle$4(Connection.java:321)
	at java.base/java.util.stream.ForEachOps$ForEachOp$OfRef.accept(ForEachOps.java:183)
	at java.base/java.util.stream.ReferencePipeline$2$1.accept(ReferencePipeline.java:177)
	at java.base/java.util.stream.ReferencePipeline$11$1.accept(ReferencePipeline.java:442)
	at java.base/java.util.HashMap$KeySpliterator.forEachRemaining(HashMap.java:1621)
	at java.base/java.util.stream.AbstractPipeline.copyInto(AbstractPipeline.java:484)
	at java.base/java.util.stream.AbstractPipeline.wrapAndCopyInto(AbstractPipeline.java:474)
	at java.base/java.util.stream.ForEachOps$ForEachOp.evaluateSequential(ForEachOps.java:150)
	at java.base/java.util.stream.ForEachOps$ForEachOp$OfRef.evaluateSequential(ForEachOps.java:173)
	at java.base/java.util.stream.AbstractPipeline.evaluate(AbstractPipeline.java:234)
	at java.base/java.util.stream.ReferencePipeline.forEach(ReferencePipeline.java:497)
	at org.openqa.selenium.devtools.Connection.handle(Connection.java:287)
	at org.openqa.selenium.devtools.Connection.access$200(Connection.java:57)
	at org.openqa.selenium.devtools.Connection$Listener.lambda$onText$0(Connection.java:224)
	... 3 more
Caused by: org.openqa.selenium.WebDriverException: {"id":96,"error":{"code":-32602,"message":"Invalid InterceptionId."},"sessionId":"64F92E651DD6905F40001BFD7E9F7C2B"}
Build info: version: '4.11.0', revision: '040bc5406b'
System info: os.name: 'Windows 10', os.arch: 'amd64', os.version: '10.0', java.version: '11.0.19'
Driver info: driver.version: unknown
	at org.openqa.selenium.devtools.Connection.handle(Connection.java:260)
	... 5 more
авг. 28, 2023 8:57:27 PM org.openqa.selenium.devtools.Connection$Listener lambda$onText$0
WARNING: Unable to process: {"method":"Fetch.requestPaused","params":{"requestId":"interception-job-22.0","request":{"url":"http://localhost:9999/static/media/icon_error_m_white.143ec85a.svg","method":"GET","headers":{"Accept":"image/avif,image/webp,image/apng,image/svg+xml,image/*,*/*;q=0.8","Referer":"http://localhost:9999/static/css/2.a4391e49.chunk.css","User-Agent":"Mozilla/5.0 (Windows NT 10.0; Win64; x64) AppleWebKit/537.36 (KHTML, like Gecko) Chrome/116.0.0.0 Safari/537.36","sec-ch-ua":"\"Chromium\";v=\"116\", \"Not)A;Brand\";v=\"24\", \"Google Chrome\";v=\"116\"","sec-ch-ua-mobile":"?0","sec-ch-ua-platform":"\"Windows\""},"initialPriority":"Low","referrerPolicy":"strict-origin-when-cross-origin"},"frameId":"0274471DB1952DFBB319D95742CE462D","resourceType":"Image"},"sessionId":"64F92E651DD6905F40001BFD7E9F7C2B"}
org.openqa.selenium.devtools.DevToolsException: {"id":93,"error":{"code":-32602,"message":"Invalid InterceptionId."},"sessionId":"64F92E651DD6905F40001BFD7E9F7C2B"}
Build info: version: '4.11.0', revision: '040bc5406b'
System info: os.name: 'Windows 10', os.arch: 'amd64', os.version: '10.0', java.version: '11.0.19'
Driver info: driver.version: unknown
	at org.openqa.selenium.devtools.Connection.sendAndWait(Connection.java:181)
	at org.openqa.selenium.devtools.DevTools.send(DevTools.java:81)
	at org.openqa.selenium.devtools.idealized.Network.lambda$prepareToInterceptTraffic$4(Network.java:233)
	at org.openqa.selenium.devtools.Connection.lambda$handle$4(Connection.java:321)
	at java.base/java.util.stream.ForEachOps$ForEachOp$OfRef.accept(ForEachOps.java:183)
	at java.base/java.util.stream.ReferencePipeline$2$1.accept(ReferencePipeline.java:177)
	at java.base/java.util.stream.ReferencePipeline$11$1.accept(ReferencePipeline.java:442)
	at java.base/java.util.HashMap$KeySpliterator.forEachRemaining(HashMap.java:1621)
	at java.base/java.util.stream.AbstractPipeline.copyInto(AbstractPipeline.java:484)
	at java.base/java.util.stream.AbstractPipeline.wrapAndCopyInto(AbstractPipeline.java:474)
	at java.base/java.util.stream.ForEachOps$ForEachOp.evaluateSequential(ForEachOps.java:150)
	at java.base/java.util.stream.ForEachOps$ForEachOp$OfRef.evaluateSequential(ForEachOps.java:173)
	at java.base/java.util.stream.AbstractPipeline.evaluate(AbstractPipeline.java:234)
	at java.base/java.util.stream.ReferencePipeline.forEach(ReferencePipeline.java:497)
	at org.openqa.selenium.devtools.Connection.handle(Connection.java:287)
	at org.openqa.selenium.devtools.Connection.access$200(Connection.java:57)
	at org.openqa.selenium.devtools.Connection$Listener.lambda$onText$0(Connection.java:224)
	at java.base/java.util.concurrent.ThreadPoolExecutor.runWorker(ThreadPoolExecutor.java:1128)
	at java.base/java.util.concurrent.ThreadPoolExecutor$Worker.run(ThreadPoolExecutor.java:628)
	at java.base/java.lang.Thread.run(Thread.java:829)
Caused by: org.openqa.selenium.WebDriverException: {"id":93,"error":{"code":-32602,"message":"Invalid InterceptionId."},"sessionId":"64F92E651DD6905F40001BFD7E9F7C2B"}
Build info: version: '4.11.0', revision: '040bc5406b'
System info: os.name: 'Windows 10', os.arch: 'amd64', os.version: '10.0', java.version: '11.0.19'
Driver info: driver.version: unknown
	at org.openqa.selenium.devtools.Connection.handle(Connection.java:260)
	... 5 more

Exception in thread "CDP Connection" org.openqa.selenium.devtools.DevToolsException: {"id":93,"error":{"code":-32602,"message":"Invalid InterceptionId."},"sessionId":"64F92E651DD6905F40001BFD7E9F7C2B"}
Build info: version: '4.11.0', revision: '040bc5406b'
System info: os.name: 'Windows 10', os.arch: 'amd64', os.version: '10.0', java.version: '11.0.19'
Driver info: driver.version: unknown
	at org.openqa.selenium.devtools.Connection$Listener.lambda$onText$0(Connection.java:227)
	at java.base/java.util.concurrent.ThreadPoolExecutor.runWorker(ThreadPoolExecutor.java:1128)
	at java.base/java.util.concurrent.ThreadPoolExecutor$Worker.run(ThreadPoolExecutor.java:628)
	at java.base/java.lang.Thread.run(Thread.java:829)
Caused by: org.openqa.selenium.devtools.DevToolsException: {"id":93,"error":{"code":-32602,"message":"Invalid InterceptionId."},"sessionId":"64F92E651DD6905F40001BFD7E9F7C2B"}
Build info: version: '4.11.0', revision: '040bc5406b'
System info: os.name: 'Windows 10', os.arch: 'amd64', os.version: '10.0', java.version: '11.0.19'
Driver info: driver.version: unknown
	at org.openqa.selenium.devtools.Connection.sendAndWait(Connection.java:181)
	at org.openqa.selenium.devtools.DevTools.send(DevTools.java:81)
	at org.openqa.selenium.devtools.idealized.Network.lambda$prepareToInterceptTraffic$4(Network.java:233)
	at org.openqa.selenium.devtools.Connection.lambda$handle$4(Connection.java:321)
	at java.base/java.util.stream.ForEachOps$ForEachOp$OfRef.accept(ForEachOps.java:183)
	at java.base/java.util.stream.ReferencePipeline$2$1.accept(ReferencePipeline.java:177)
	at java.base/java.util.stream.ReferencePipeline$11$1.accept(ReferencePipeline.java:442)
	at java.base/java.util.HashMap$KeySpliterator.forEachRemaining(HashMap.java:1621)
	at java.base/java.util.stream.AbstractPipeline.copyInto(AbstractPipeline.java:484)
	at java.base/java.util.stream.AbstractPipeline.wrapAndCopyInto(AbstractPipeline.java:474)
	at java.base/java.util.stream.ForEachOps$ForEachOp.evaluateSequential(ForEachOps.java:150)
	at java.base/java.util.stream.ForEachOps$ForEachOp$OfRef.evaluateSequential(ForEachOps.java:173)
	at java.base/java.util.stream.AbstractPipeline.evaluate(AbstractPipeline.java:234)
	at java.base/java.util.stream.ReferencePipeline.forEach(ReferencePipeline.java:497)
	at org.openqa.selenium.devtools.Connection.handle(Connection.java:287)
	at org.openqa.selenium.devtools.Connection.access$200(Connection.java:57)
	at org.openqa.selenium.devtools.Connection$Listener.lambda$onText$0(Connection.java:224)
	... 3 more
Caused by: org.openqa.selenium.WebDriverException: {"id":93,"error":{"code":-32602,"message":"Invalid InterceptionId."},"sessionId":"64F92E651DD6905F40001BFD7E9F7C2B"}
Build info: version: '4.11.0', revision: '040bc5406b'
System info: os.name: 'Windows 10', os.arch: 'amd64', os.version: '10.0', java.version: '11.0.19'
Driver info: driver.version: unknown
	at org.openqa.selenium.devtools.Connection.handle(Connection.java:260)
	... 5 more
авг. 28, 2023 8:57:27 PM org.openqa.selenium.devtools.Connection$Listener lambda$onText$0
WARNING: Unable to process: {"method":"Fetch.requestPaused","params":{"requestId":"interception-job-23.0","request":{"url":"http://localhost:9999/static/media/icon_close_s_white.cd06f8fb.svg","method":"GET","headers":{"Accept":"image/avif,image/webp,image/apng,image/svg+xml,image/*,*/*;q=0.8","Referer":"http://localhost:9999/static/css/2.a4391e49.chunk.css","User-Agent":"Mozilla/5.0 (Windows NT 10.0; Win64; x64) AppleWebKit/537.36 (KHTML, like Gecko) Chrome/116.0.0.0 Safari/537.36","sec-ch-ua":"\"Chromium\";v=\"116\", \"Not)A;Brand\";v=\"24\", \"Google Chrome\";v=\"116\"","sec-ch-ua-mobile":"?0","sec-ch-ua-platform":"\"Windows\""},"initialPriority":"Low","referrerPolicy":"strict-origin-when-cross-origin"},"frameId":"0274471DB1952DFBB319D95742CE462D","resourceType":"Image"},"sessionId":"64F92E651DD6905F40001BFD7E9F7C2B"}
org.openqa.selenium.devtools.DevToolsException: {"id":98,"error":{"code":-32602,"message":"Invalid InterceptionId."},"sessionId":"64F92E651DD6905F40001BFD7E9F7C2B"}
Build info: version: '4.11.0', revision: '040bc5406b'
System info: os.name: 'Windows 10', os.arch: 'amd64', os.version: '10.0', java.version: '11.0.19'
Driver info: driver.version: unknown
	at org.openqa.selenium.devtools.Connection.sendAndWait(Connection.java:181)
	at org.openqa.selenium.devtools.DevTools.send(DevTools.java:81)
	at org.openqa.selenium.devtools.idealized.Network.lambda$prepareToInterceptTraffic$3(Network.java:211)
	at org.openqa.selenium.remote.http.Filter.lambda$andFinally$1(Filter.java:55)
	at org.openqa.selenium.devtools.idealized.Network.lambda$prepareToInterceptTraffic$4(Network.java:226)
	at org.openqa.selenium.devtools.Connection.lambda$handle$4(Connection.java:321)
	at java.base/java.util.stream.ForEachOps$ForEachOp$OfRef.accept(ForEachOps.java:183)
	at java.base/java.util.stream.ReferencePipeline$2$1.accept(ReferencePipeline.java:177)
	at java.base/java.util.stream.ReferencePipeline$11$1.accept(ReferencePipeline.java:442)
	at java.base/java.util.HashMap$KeySpliterator.forEachRemaining(HashMap.java:1621)
	at java.base/java.util.stream.AbstractPipeline.copyInto(AbstractPipeline.java:484)
	at java.base/java.util.stream.AbstractPipeline.wrapAndCopyInto(AbstractPipeline.java:474)
	at java.base/java.util.stream.ForEachOps$ForEachOp.evaluateSequential(ForEachOps.java:150)
	at java.base/java.util.stream.ForEachOps$ForEachOp$OfRef.evaluateSequential(ForEachOps.java:173)
	at java.base/java.util.stream.AbstractPipeline.evaluate(AbstractPipeline.java:234)
	at java.base/java.util.stream.ReferencePipeline.forEach(ReferencePipeline.java:497)
	at org.openqa.selenium.devtools.Connection.handle(Connection.java:287)
	at org.openqa.selenium.devtools.Connection.access$200(Connection.java:57)
	at org.openqa.selenium.devtools.Connection$Listener.lambda$onText$0(Connection.java:224)
	at java.base/java.util.concurrent.ThreadPoolExecutor.runWorker(ThreadPoolExecutor.java:1128)
	at java.base/java.util.concurrent.ThreadPoolExecutor$Worker.run(ThreadPoolExecutor.java:628)
	at java.base/java.lang.Thread.run(Thread.java:829)
Caused by: org.openqa.selenium.WebDriverException: {"id":98,"error":{"code":-32602,"message":"Invalid InterceptionId."},"sessionId":"64F92E651DD6905F40001BFD7E9F7C2B"}
Build info: version: '4.11.0', revision: '040bc5406b'
System info: os.name: 'Windows 10', os.arch: 'amd64', os.version: '10.0', java.version: '11.0.19'
Driver info: driver.version: unknown
	at org.openqa.selenium.devtools.Connection.handle(Connection.java:260)
	... 5 more

Exception in thread "CDP Connection" org.openqa.selenium.devtools.DevToolsException: {"id":98,"error":{"code":-32602,"message":"Invalid InterceptionId."},"sessionId":"64F92E651DD6905F40001BFD7E9F7C2B"}
Build info: version: '4.11.0', revision: '040bc5406b'
System info: os.name: 'Windows 10', os.arch: 'amd64', os.version: '10.0', java.version: '11.0.19'
Driver info: driver.version: unknown
	at org.openqa.selenium.devtools.Connection$Listener.lambda$onText$0(Connection.java:227)
	at java.base/java.util.concurrent.ThreadPoolExecutor.runWorker(ThreadPoolExecutor.java:1128)
	at java.base/java.util.concurrent.ThreadPoolExecutor$Worker.run(ThreadPoolExecutor.java:628)
	at java.base/java.lang.Thread.run(Thread.java:829)
Caused by: org.openqa.selenium.devtools.DevToolsException: {"id":98,"error":{"code":-32602,"message":"Invalid InterceptionId."},"sessionId":"64F92E651DD6905F40001BFD7E9F7C2B"}
Build info: version: '4.11.0', revision: '040bc5406b'
System info: os.name: 'Windows 10', os.arch: 'amd64', os.version: '10.0', java.version: '11.0.19'
Driver info: driver.version: unknown
	at org.openqa.selenium.devtools.Connection.sendAndWait(Connection.java:181)
	at org.openqa.selenium.devtools.DevTools.send(DevTools.java:81)
	at org.openqa.selenium.devtools.idealized.Network.lambda$prepareToInterceptTraffic$3(Network.java:211)
	at org.openqa.selenium.remote.http.Filter.lambda$andFinally$1(Filter.java:55)
	at org.openqa.selenium.devtools.idealized.Network.lambda$prepareToInterceptTraffic$4(Network.java:226)
	at org.openqa.selenium.devtools.Connection.lambda$handle$4(Connection.java:321)
	at java.base/java.util.stream.ForEachOps$ForEachOp$OfRef.accept(ForEachOps.java:183)
	at java.base/java.util.stream.ReferencePipeline$2$1.accept(ReferencePipeline.java:177)
	at java.base/java.util.stream.ReferencePipeline$11$1.accept(ReferencePipeline.java:442)
	at java.base/java.util.HashMap$KeySpliterator.forEachRemaining(HashMap.java:1621)
	at java.base/java.util.stream.AbstractPipeline.copyInto(AbstractPipeline.java:484)
	at java.base/java.util.stream.AbstractPipeline.wrapAndCopyInto(AbstractPipeline.java:474)
	at java.base/java.util.stream.ForEachOps$ForEachOp.evaluateSequential(ForEachOps.java:150)
	at java.base/java.util.stream.ForEachOps$ForEachOp$OfRef.evaluateSequential(ForEachOps.java:173)
	at java.base/java.util.stream.AbstractPipeline.evaluate(AbstractPipeline.java:234)
	at java.base/java.util.stream.ReferencePipeline.forEach(ReferencePipeline.java:497)
	at org.openqa.selenium.devtools.Connection.handle(Connection.java:287)
	at org.openqa.selenium.devtools.Connection.access$200(Connection.java:57)
	at org.openqa.selenium.devtools.Connection$Listener.lambda$onText$0(Connection.java:224)
	... 3 more
Caused by: org.openqa.selenium.WebDriverException: {"id":98,"error":{"code":-32602,"message":"Invalid InterceptionId."},"sessionId":"64F92E651DD6905F40001BFD7E9F7C2B"}
Build info: version: '4.11.0', revision: '040bc5406b'
System info: os.name: 'Windows 10', os.arch: 'amd64', os.version: '10.0', java.version: '11.0.19'
Driver info: driver.version: unknown
	at org.openqa.selenium.devtools.Connection.handle(Connection.java:260)
	... 5 more
авг. 28, 2023 8:57:27 PM org.openqa.selenium.devtools.Connection$Listener lambda$onText$0
[...]
org.openqa.selenium.devtools.DevToolsException: {"id":198,"error":{"code":-32602,"message":"Invalid InterceptionId."},"sessionId":"64F92E651DD6905F40001BFD7E9F7C2B"}
Build info: version: '4.11.0', revision: '040bc5406b'
System info: os.name: 'Windows 10', os.arch: 'amd64', os.version: '10.0', java.version: '11.0.19'
Driver info: driver.version: unknown
	at org.openqa.selenium.devtools.Connection.sendAndWait(Connection.java:181)
	at org.openqa.selenium.devtools.DevTools.send(DevTools.java:81)
	at org.openqa.selenium.devtools.idealized.Network.lambda$prepareToInterceptTraffic$3(Network.java:211)
	at org.openqa.selenium.remote.http.Filter.lambda$andFinally$1(Filter.java:55)
	at org.openqa.selenium.devtools.idealized.Network.lambda$prepareToInterceptTraffic$4(Network.java:226)
	at org.openqa.selenium.devtools.Connection.lambda$handle$4(Connection.java:321)
	at java.base/java.util.stream.ForEachOps$ForEachOp$OfRef.accept(ForEachOps.java:183)
	at java.base/java.util.stream.ReferencePipeline$2$1.accept(ReferencePipeline.java:177)
	at java.base/java.util.stream.ReferencePipeline$11$1.accept(ReferencePipeline.java:442)
	at java.base/java.util.HashMap$KeySpliterator.forEachRemaining(HashMap.java:1621)
	at java.base/java.util.stream.AbstractPipeline.copyInto(AbstractPipeline.java:484)
	at java.base/java.util.stream.AbstractPipeline.wrapAndCopyInto(AbstractPipeline.java:474)
	at java.base/java.util.stream.ForEachOps$ForEachOp.evaluateSequential(ForEachOps.java:150)
	at java.base/java.util.stream.ForEachOps$ForEachOp$OfRef.evaluateSequential(ForEachOps.java:173)
	at java.base/java.util.stream.AbstractPipeline.evaluate(AbstractPipeline.java:234)
	at java.base/java.util.stream.ReferencePipeline.forEach(ReferencePipeline.java:497)
	at org.openqa.selenium.devtools.Connection.handle(Connection.java:287)
	at org.openqa.selenium.devtools.Connection.access$200(Connection.java:57)
	at org.openqa.selenium.devtools.Connection$Listener.lambda$onText$0(Connection.java:224)
	at java.base/java.util.concurrent.ThreadPoolExecutor.runWorker(ThreadPoolExecutor.java:1128)
	at java.base/java.util.concurrent.ThreadPoolExecutor$Worker.run(ThreadPoolExecutor.java:628)
	at java.base/java.lang.Thread.run(Thread.java:829)
Caused by: org.openqa.selenium.WebDriverException: {"id":198,"error":{"code":-32602,"message":"Invalid InterceptionId."},"sessionId":"64F92E651DD6905F40001BFD7E9F7C2B"}
Build info: version: '4.11.0', revision: '040bc5406b'
System info: os.name: 'Windows 10', os.arch: 'amd64', os.version: '10.0', java.version: '11.0.19'
Driver info: driver.version: unknown
	at org.openqa.selenium.devtools.Connection.handle(Connection.java:260)
	... 5 more

Exception in thread "CDP Connection" org.openqa.selenium.devtools.DevToolsException: {"id":198,"error":{"code":-32602,"message":"Invalid InterceptionId."},"sessionId":"64F92E651DD6905F40001BFD7E9F7C2B"}
Build info: version: '4.11.0', revision: '040bc5406b'
System info: os.name: 'Windows 10', os.arch: 'amd64', os.version: '10.0', java.version: '11.0.19'
Driver info: driver.version: unknown
	at org.openqa.selenium.devtools.Connection$Listener.lambda$onText$0(Connection.java:227)
	at java.base/java.util.concurrent.ThreadPoolExecutor.runWorker(ThreadPoolExecutor.java:1128)
	at java.base/java.util.concurrent.ThreadPoolExecutor$Worker.run(ThreadPoolExecutor.java:628)
	at java.base/java.lang.Thread.run(Thread.java:829)
Caused by: org.openqa.selenium.devtools.DevToolsException: {"id":198,"error":{"code":-32602,"message":"Invalid InterceptionId."},"sessionId":"64F92E651DD6905F40001BFD7E9F7C2B"}
Build info: version: '4.11.0', revision: '040bc5406b'
System info: os.name: 'Windows 10', os.arch: 'amd64', os.version: '10.0', java.version: '11.0.19'
Driver info: driver.version: unknown
	at org.openqa.selenium.devtools.Connection.sendAndWait(Connection.java:181)
	at org.openqa.selenium.devtools.DevTools.send(DevTools.java:81)
	at org.openqa.selenium.devtools.idealized.Network.lambda$prepareToInterceptTraffic$3(Network.java:211)
	at org.openqa.selenium.remote.http.Filter.lambda$andFinally$1(Filter.java:55)
	at org.openqa.selenium.devtools.idealized.Network.lambda$prepareToInterceptTraffic$4(Network.java:226)
	at org.openqa.selenium.devtools.Connection.lambda$handle$4(Connection.java:321)
	at java.base/java.util.stream.ForEachOps$ForEachOp$OfRef.accept(ForEachOps.java:183)
	at java.base/java.util.stream.ReferencePipeline$2$1.accept(ReferencePipeline.java:177)
	at java.base/java.util.stream.ReferencePipeline$11$1.accept(ReferencePipeline.java:442)
	at java.base/java.util.HashMap$KeySpliterator.forEachRemaining(HashMap.java:1621)
	at java.base/java.util.stream.AbstractPipeline.copyInto(AbstractPipeline.java:484)
	at java.base/java.util.stream.AbstractPipeline.wrapAndCopyInto(AbstractPipeline.java:474)
	at java.base/java.util.stream.ForEachOps$ForEachOp.evaluateSequential(ForEachOps.java:150)
	at java.base/java.util.stream.ForEachOps$ForEachOp$OfRef.evaluateSequential(ForEachOps.java:173)
	at java.base/java.util.stream.AbstractPipeline.evaluate(AbstractPipeline.java:234)
	at java.base/java.util.stream.ReferencePipeline.forEach(ReferencePipeline.java:497)
	at org.openqa.selenium.devtools.Connection.handle(Connection.java:287)
	at org.openqa.selenium.devtools.Connection.access$200(Connection.java:57)
	at org.openqa.selenium.devtools.Connection$Listener.lambda$onText$0(Connection.java:224)
	... 3 more
Caused by: org.openqa.selenium.WebDriverException: {"id":198,"error":{"code":-32602,"message":"Invalid InterceptionId."},"sessionId":"64F92E651DD6905F40001BFD7E9F7C2B"}
Build info: version: '4.11.0', revision: '040bc5406b'
System info: os.name: 'Windows 10', os.arch: 'amd64', os.version: '10.0', java.version: '11.0.19'
Driver info: driver.version: unknown
	at org.openqa.selenium.devtools.Connection.handle(Connection.java:260)
	... 5 more
авг. 28, 2023 8:57:29 PM org.openqa.selenium.devtools.Connection$Listener lambda$onText$0
WARNING: Unable to process: {"method":"Fetch.requestPaused","params":{"requestId":"interception-job-40.0","request":{"url":"http://localhost:9999/api/auth/verification","method":"POST","headers":{"Accept":"*/*","Content-Type":"application/json","Origin":"http://localhost:9999","Referer":"http://localhost:9999/verification","User-Agent":"Mozilla/5.0 (Windows NT 10.0; Win64; x64) AppleWebKit/537.36 (KHTML, like Gecko) Chrome/116.0.0.0 Safari/537.36","sec-ch-ua":"\"Chromium\";v=\"116\", \"Not)A;Brand\";v=\"24\", \"Google Chrome\";v=\"116\"","sec-ch-ua-mobile":"?0","sec-ch-ua-platform":"\"Windows\""},"postData":"{\"login\":\"vasya\",\"code\":\"930431\"}","hasPostData":true,"postDataEntries":[{"bytes":"eyJsb2dpbiI6InZhc3lhIiwiY29kZSI6IjkzMDQzMSJ9"}],"initialPriority":"High","referrerPolicy":"unsafe-url"},"frameId":"0274471DB1952DFBB319D95742CE462D","resourceType":"XHR","responseStatusCode":400,"responseStatusText":"Bad Request","responseHeaders":[{"name":"Content-Length","value":"28"},{"name":"Content-Type","value":"application/json; charset=UTF-8"},{"name":"Connection","value":"keep-alive"}]},"sessionId":"64F92E651DD6905F40001BFD7E9F7C2B"}
org.openqa.selenium.devtools.DevToolsException: {"id":203,"error":{"code":-32602,"message":"Invalid InterceptionId."},"sessionId":"64F92E651DD6905F40001BFD7E9F7C2B"}
Build info: version: '4.11.0', revision: '040bc5406b'
System info: os.name: 'Windows 10', os.arch: 'amd64', os.version: '10.0', java.version: '11.0.19'
Driver info: driver.version: unknown
	at org.openqa.selenium.devtools.Connection.sendAndWait(Connection.java:181)
	at org.openqa.selenium.devtools.DevTools.send(DevTools.java:81)
	at org.openqa.selenium.devtools.idealized.Network.lambda$prepareToInterceptTraffic$4(Network.java:194)
	at org.openqa.selenium.devtools.Connection.lambda$handle$4(Connection.java:321)
	at java.base/java.util.stream.ForEachOps$ForEachOp$OfRef.accept(ForEachOps.java:183)
	at java.base/java.util.stream.ReferencePipeline$2$1.accept(ReferencePipeline.java:177)
	at java.base/java.util.stream.ReferencePipeline$11$1.accept(ReferencePipeline.java:442)
	at java.base/java.util.HashMap$KeySpliterator.forEachRemaining(HashMap.java:1621)
	at java.base/java.util.stream.AbstractPipeline.copyInto(AbstractPipeline.java:484)
	at java.base/java.util.stream.AbstractPipeline.wrapAndCopyInto(AbstractPipeline.java:474)
	at java.base/java.util.stream.ForEachOps$ForEachOp.evaluateSequential(ForEachOps.java:150)
	at java.base/java.util.stream.ForEachOps$ForEachOp$OfRef.evaluateSequential(ForEachOps.java:173)
	at java.base/java.util.stream.AbstractPipeline.evaluate(AbstractPipeline.java:234)
	at java.base/java.util.stream.ReferencePipeline.forEach(ReferencePipeline.java:497)
	at org.openqa.selenium.devtools.Connection.handle(Connection.java:287)
	at org.openqa.selenium.devtools.Connection.access$200(Connection.java:57)
	at org.openqa.selenium.devtools.Connection$Listener.lambda$onText$0(Connection.java:224)
	at java.base/java.util.concurrent.ThreadPoolExecutor.runWorker(ThreadPoolExecutor.java:1128)
	at java.base/java.util.concurrent.ThreadPoolExecutor$Worker.run(ThreadPoolExecutor.java:628)
	at java.base/java.lang.Thread.run(Thread.java:829)
Caused by: org.openqa.selenium.WebDriverException: {"id":203,"error":{"code":-32602,"message":"Invalid InterceptionId."},"sessionId":"64F92E651DD6905F40001BFD7E9F7C2B"}
Build info: version: '4.11.0', revision: '040bc5406b'
System info: os.name: 'Windows 10', os.arch: 'amd64', os.version: '10.0', java.version: '11.0.19'
Driver info: driver.version: unknown
	at org.openqa.selenium.devtools.Connection.handle(Connection.java:260)
	... 5 more

Exception in thread "CDP Connection" org.openqa.selenium.devtools.DevToolsException: {"id":203,"error":{"code":-32602,"message":"Invalid InterceptionId."},"sessionId":"64F92E651DD6905F40001BFD7E9F7C2B"}
Build info: version: '4.11.0', revision: '040bc5406b'
System info: os.name: 'Windows 10', os.arch: 'amd64', os.version: '10.0', java.version: '11.0.19'
Driver info: driver.version: unknown
	at org.openqa.selenium.devtools.Connection$Listener.lambda$onText$0(Connection.java:227)
	at java.base/java.util.concurrent.ThreadPoolExecutor.runWorker(ThreadPoolExecutor.java:1128)
	at java.base/java.util.concurrent.ThreadPoolExecutor$Worker.run(ThreadPoolExecutor.java:628)
	at java.base/java.lang.Thread.run(Thread.java:829)
Caused by: org.openqa.selenium.devtools.DevToolsException: {"id":203,"error":{"code":-32602,"message":"Invalid InterceptionId."},"sessionId":"64F92E651DD6905F40001BFD7E9F7C2B"}
Build info: version: '4.11.0', revision: '040bc5406b'
System info: os.name: 'Windows 10', os.arch: 'amd64', os.version: '10.0', java.version: '11.0.19'
Driver info: driver.version: unknown
	at org.openqa.selenium.devtools.Connection.sendAndWait(Connection.java:181)
	at org.openqa.selenium.devtools.DevTools.send(DevTools.java:81)
	at org.openqa.selenium.devtools.idealized.Network.lambda$prepareToInterceptTraffic$4(Network.java:194)
	at org.openqa.selenium.devtools.Connection.lambda$handle$4(Connection.java:321)
	at java.base/java.util.stream.ForEachOps$ForEachOp$OfRef.accept(ForEachOps.java:183)
	at java.base/java.util.stream.ReferencePipeline$2$1.accept(ReferencePipeline.java:177)
	at java.base/java.util.stream.ReferencePipeline$11$1.accept(ReferencePipeline.java:442)
	at java.base/java.util.HashMap$KeySpliterator.forEachRemaining(HashMap.java:1621)
	at java.base/java.util.stream.AbstractPipeline.copyInto(AbstractPipeline.java:484)
	at java.base/java.util.stream.AbstractPipeline.wrapAndCopyInto(AbstractPipeline.java:474)
	at java.base/java.util.stream.ForEachOps$ForEachOp.evaluateSequential(ForEachOps.java:150)
	at java.base/java.util.stream.ForEachOps$ForEachOp$OfRef.evaluateSequential(ForEachOps.java:173)
	at java.base/java.util.stream.AbstractPipeline.evaluate(AbstractPipeline.java:234)
	at java.base/java.util.stream.ReferencePipeline.forEach(ReferencePipeline.java:497)
	at org.openqa.selenium.devtools.Connection.handle(Connection.java:287)
	at org.openqa.selenium.devtools.Connection.access$200(Connection.java:57)
	at org.openqa.selenium.devtools.Connection$Listener.lambda$onText$0(Connection.java:224)
	... 3 more
Caused by: org.openqa.selenium.WebDriverException: {"id":203,"error":{"code":-32602,"message":"Invalid InterceptionId."},"sessionId":"64F92E651DD6905F40001BFD7E9F7C2B"}
Build info: version: '4.11.0', revision: '040bc5406b'
System info: os.name: 'Windows 10', os.arch: 'amd64', os.version: '10.0', java.version: '11.0.19'
Driver info: driver.version: unknown
	at org.openqa.selenium.devtools.Connection.handle(Connection.java:260)
	... 5 more
авг. 28, 2023 8:57:29 PM org.openqa.selenium.devtools.Connection$Listener lambda$onText$0
WARNING: Unable to process: {"method":"Fetch.requestPaused","params":{"requestId":"interception-job-40.0","request":{"url":"http://localhost:9999/api/auth/verification","method":"POST","headers":{"Accept":"*/*","Content-Type":"application/json","Origin":"http://localhost:9999","Referer":"http://localhost:9999/verification","User-Agent":"Mozilla/5.0 (Windows NT 10.0; Win64; x64) AppleWebKit/537.36 (KHTML, like Gecko) Chrome/116.0.0.0 Safari/537.36","sec-ch-ua":"\"Chromium\";v=\"116\", \"Not)A;Brand\";v=\"24\", \"Google Chrome\";v=\"116\"","sec-ch-ua-mobile":"?0","sec-ch-ua-platform":"\"Windows\""},"postData":"{\"login\":\"vasya\",\"code\":\"930431\"}","hasPostData":true,"postDataEntries":[{"bytes":"eyJsb2dpbiI6InZhc3lhIiwiY29kZSI6IjkzMDQzMSJ9"}],"initialPriority":"High","referrerPolicy":"strict-origin-when-cross-origin"},"frameId":"0274471DB1952DFBB319D95742CE462D","resourceType":"XHR"},"sessionId":"64F92E651DD6905F40001BFD7E9F7C2B"}
org.openqa.selenium.devtools.DevToolsException: {"id":204,"error":{"code":-32602,"message":"Invalid InterceptionId."},"sessionId":"64F92E651DD6905F40001BFD7E9F7C2B"}
Build info: version: '4.11.0', revision: '040bc5406b'
System info: os.name: 'Windows 10', os.arch: 'amd64', os.version: '10.0', java.version: '11.0.19'
Driver info: driver.version: unknown
	at org.openqa.selenium.devtools.Connection.sendAndWait(Connection.java:181)
	at org.openqa.selenium.devtools.DevTools.send(DevTools.java:81)
	at org.openqa.selenium.devtools.idealized.Network.lambda$prepareToInterceptTraffic$3(Network.java:211)
	at org.openqa.selenium.remote.http.Filter.lambda$andFinally$1(Filter.java:55)
	at org.openqa.selenium.devtools.idealized.Network.lambda$prepareToInterceptTraffic$4(Network.java:226)
	at org.openqa.selenium.devtools.Connection.lambda$handle$4(Connection.java:321)
	at java.base/java.util.stream.ForEachOps$ForEachOp$OfRef.accept(ForEachOps.java:183)
	at java.base/java.util.stream.ReferencePipeline$2$1.accept(ReferencePipeline.java:177)
	at java.base/java.util.stream.ReferencePipeline$11$1.accept(ReferencePipeline.java:442)
	at java.base/java.util.HashMap$KeySpliterator.forEachRemaining(HashMap.java:1621)
	at java.base/java.util.stream.AbstractPipeline.copyInto(AbstractPipeline.java:484)
	at java.base/java.util.stream.AbstractPipeline.wrapAndCopyInto(AbstractPipeline.java:474)
	at java.base/java.util.stream.ForEachOps$ForEachOp.evaluateSequential(ForEachOps.java:150)
	at java.base/java.util.stream.ForEachOps$ForEachOp$OfRef.evaluateSequential(ForEachOps.java:173)
	at java.base/java.util.stream.AbstractPipeline.evaluate(AbstractPipeline.java:234)
	at java.base/java.util.stream.ReferencePipeline.forEach(ReferencePipeline.java:497)
	at org.openqa.selenium.devtools.Connection.handle(Connection.java:287)
	at org.openqa.selenium.devtools.Connection.access$200(Connection.java:57)
	at org.openqa.selenium.devtools.Connection$Listener.lambda$onText$0(Connection.java:224)
	at java.base/java.util.concurrent.ThreadPoolExecutor.runWorker(ThreadPoolExecutor.java:1128)
	at java.base/java.util.concurrent.ThreadPoolExecutor$Worker.run(ThreadPoolExecutor.java:628)
	at java.base/java.lang.Thread.run(Thread.java:829)
Caused by: org.openqa.selenium.WebDriverException: {"id":204,"error":{"code":-32602,"message":"Invalid InterceptionId."},"sessionId":"64F92E651DD6905F40001BFD7E9F7C2B"}
Build info: version: '4.11.0', revision: '040bc5406b'
System info: os.name: 'Windows 10', os.arch: 'amd64', os.version: '10.0', java.version: '11.0.19'
Driver info: driver.version: unknown
	at org.openqa.selenium.devtools.Connection.handle(Connection.java:260)
	... 5 more

Exception in thread "CDP Connection" org.openqa.selenium.devtools.DevToolsException: {"id":204,"error":{"code":-32602,"message":"Invalid InterceptionId."},"sessionId":"64F92E651DD6905F40001BFD7E9F7C2B"}
Build info: version: '4.11.0', revision: '040bc5406b'
System info: os.name: 'Windows 10', os.arch: 'amd64', os.version: '10.0', java.version: '11.0.19'
Driver info: driver.version: unknown
	at org.openqa.selenium.devtools.Connection$Listener.lambda$onText$0(Connection.java:227)
	at java.base/java.util.concurrent.ThreadPoolExecutor.runWorker(ThreadPoolExecutor.java:1128)
	at java.base/java.util.concurrent.ThreadPoolExecutor$Worker.run(ThreadPoolExecutor.java:628)
	at java.base/java.lang.Thread.run(Thread.java:829)
Caused by: org.openqa.selenium.devtools.DevToolsException: {"id":204,"error":{"code":-32602,"message":"Invalid InterceptionId."},"sessionId":"64F92E651DD6905F40001BFD7E9F7C2B"}
Build info: version: '4.11.0', revision: '040bc5406b'
System info: os.name: 'Windows 10', os.arch: 'amd64', os.version: '10.0', java.version: '11.0.19'
Driver info: driver.version: unknown
	at org.openqa.selenium.devtools.Connection.sendAndWait(Connection.java:181)
	at org.openqa.selenium.devtools.DevTools.send(DevTools.java:81)
	at org.openqa.selenium.devtools.idealized.Network.lambda$prepareToInterceptTraffic$3(Network.java:211)
	at org.openqa.selenium.remote.http.Filter.lambda$andFinally$1(Filter.java:55)
	at org.openqa.selenium.devtools.idealized.Network.lambda$prepareToInterceptTraffic$4(Network.java:226)
	at org.openqa.selenium.devtools.Connection.lambda$handle$4(Connection.java:321)
	at java.base/java.util.stream.ForEachOps$ForEachOp$OfRef.accept(ForEachOps.java:183)
	at java.base/java.util.stream.ReferencePipeline$2$1.accept(ReferencePipeline.java:177)
	at java.base/java.util.stream.ReferencePipeline$11$1.accept(ReferencePipeline.java:442)
	at java.base/java.util.HashMap$KeySpliterator.forEachRemaining(HashMap.java:1621)
	at java.base/java.util.stream.AbstractPipeline.copyInto(AbstractPipeline.java:484)
	at java.base/java.util.stream.AbstractPipeline.wrapAndCopyInto(AbstractPipeline.java:474)
	at java.base/java.util.stream.ForEachOps$ForEachOp.evaluateSequential(ForEachOps.java:150)
	at java.base/java.util.stream.ForEachOps$ForEachOp$OfRef.evaluateSequential(ForEachOps.java:173)
	at java.base/java.util.stream.AbstractPipeline.evaluate(AbstractPipeline.java:234)
	at java.base/java.util.stream.ReferencePipeline.forEach(ReferencePipeline.java:497)
	at org.openqa.selenium.devtools.Connection.handle(Connection.java:287)
	at org.openqa.selenium.devtools.Connection.access$200(Connection.java:57)
	at org.openqa.selenium.devtools.Connection$Listener.lambda$onText$0(Connection.java:224)
	... 3 more
Caused by: org.openqa.selenium.WebDriverException: {"id":204,"error":{"code":-32602,"message":"Invalid InterceptionId."},"sessionId":"64F92E651DD6905F40001BFD7E9F7C2B"}
Build info: version: '4.11.0', revision: '040bc5406b'
System info: os.name: 'Windows 10', os.arch: 'amd64', os.version: '10.0', java.version: '11.0.19'
Driver info: driver.version: unknown
	at org.openqa.selenium.devtools.Connection.handle(Connection.java:260)
	... 5 more
]]></system-err>
</testsuite>
